--------------- Build Started: 12/19/2020 20:14:44 Project: Lab_4_1_BLE_Automation_IO, Configuration: ARM GCC 5.4-2016-q2-update Debug ---------------
The code generation step is up to date.
arm-none-eabi-gcc.exe -mcpu=cortex-m0 -mthumb -I. -IGenerated_Source\PSoC4 -Wa,-alh=.\CortexM0\ARM_GCC_541\Debug/main.lst -g -D DEBUG -Wall -ffunction-sections -ffat-lto-objects -Og -c main.c -o .\CortexM0\ARM_GCC_541\Debug\main.o
main.c:859:13: warning: 'LowPowerImplementation' defined but not used [-Wunused-function]
 static void LowPowerImplementation(void)
             ^
In file included from main.c:22:0:
main.c: In function 'AdcHandler':
debug.h:32:46: warning: 'i' may be used uninitialized in this function [-Wmaybe-uninitialized]
     #define DBG_PRINTF(...)                 (printf(__VA_ARGS__))
                                              ^
main.c:929:11: note: 'i' was declared here
     uint8 i;
           ^
In file included from main.c:22:0:
main.c: In function 'DisplayHandler':
debug.h:32:46: warning: 'i' may be used uninitialized in this function [-Wmaybe-uninitialized]
     #define DBG_PRINTF(...)                 (printf(__VA_ARGS__))
                                              ^
main.c:1001:11: note: 'i' was declared here
     uint8 i;
           ^
arm-none-eabi-ar.exe -rs .\CortexM0\ARM_GCC_541\Debug\Lab_4_1_BLE_Automation_IO.a .\CortexM0\ARM_GCC_541\Debug\UART_DEB.o .\CortexM0\ARM_GCC_541\Debug\UART_DEB_SPI_UART.o .\CortexM0\ARM_GCC_541\Debug\UART_DEB_SPI_UART_INT.o .\CortexM0\ARM_GCC_541\Debug\UART_DEB_PM.o .\CortexM0\ARM_GCC_541\Debug\UART_DEB_UART.o .\CortexM0\ARM_GCC_541\Debug\UART_DEB_BOOT.o .\CortexM0\ARM_GCC_541\Debug\UART_DEB_UART_BOOT.o .\CortexM0\ARM_GCC_541\Debug\Digtal_Output_LED.o .\CortexM0\ARM_GCC_541\Debug\Digtal_Output_LED_PM.o .\CortexM0\ARM_GCC_541\Debug\Advertising_LED.o .\CortexM0\ARM_GCC_541\Debug\Advertising_LED_PM.o .\CortexM0\ARM_GCC_541\Debug\BLE_1.o .\CortexM0\ARM_GCC_541\Debug\BLE_1_gatt.o .\CortexM0\ARM_GCC_541\Debug\BLE_1_eventHandler.o .\CortexM0\ARM_GCC_541\Debug\BLE_1_HAL_INT.o .\CortexM0\ARM_GCC_541\Debug\BLE_1_HAL_PVT.o .\CortexM0\ARM_GCC_541\Debug\BLE_1_aios.o .\CortexM0\ARM_GCC_541\Debug\CapSense_Control.o .\CortexM0\ARM_GCC_541\Debug\CapSense_Processing.o .\CortexM0\ARM_GCC_541\Debug\CapSense_Structure.o .\CortexM0\ARM_GCC_541\Debug\CapSense_Tuner.o .\CortexM0\ARM_GCC_541\Debug\CapSense_Filter.o .\CortexM0\ARM_GCC_541\Debug\CapSense_Sensing.o .\CortexM0\ARM_GCC_541\Debug\CapSense_INT.o .\CortexM0\ARM_GCC_541\Debug\CapSense_SensingCSD_LL.o .\CortexM0\ARM_GCC_541\Debug\CapSense_Centroid_LL.o .\CortexM0\ARM_GCC_541\Debug\SW2.o .\CortexM0\ARM_GCC_541\Debug\SW2_PM.o .\CortexM0\ARM_GCC_541\Debug\SW2_Interrupt.o .\CortexM0\ARM_GCC_541\Debug\Pin_SPI_SCLK.o .\CortexM0\ARM_GCC_541\Debug\Pin_SPI_SCLK_PM.o .\CortexM0\ARM_GCC_541\Debug\Pin_SPI_MOSI.o .\CortexM0\ARM_GCC_541\Debug\Pin_SPI_MOSI_PM.o .\CortexM0\ARM_GCC_541\Debug\SPIM.o .\CortexM0\ARM_GCC_541\Debug\SPIM_PM.o .\CortexM0\ARM_GCC_541\Debug\SPIM_INT.o .\CortexM0\ARM_GCC_541\Debug\LED_D.o .\CortexM0\ARM_GCC_541\Debug\LED_D_PM.o .\CortexM0\ARM_GCC_541\Debug\Clock_1.o .\CortexM0\ARM_GCC_541\Debug\Pin_SPI_SS.o .\CortexM0\ARM_GCC_541\Debug\Pin_SPI_SS_PM.o .\CortexM0\ARM_GCC_541\Debug\Pin_Buttons.o .\CortexM0\ARM_GCC_541\Debug\Pin_Buttons_PM.o .\CortexM0\ARM_GCC_541\Debug\PWM.o .\CortexM0\ARM_GCC_541\Debug\PWM_PM.o .\CortexM0\ARM_GCC_541\Debug\UART_DEB_SCBCLK.o .\CortexM0\ARM_GCC_541\Debug\UART_DEB_tx.o .\CortexM0\ARM_GCC_541\Debug\UART_DEB_tx_PM.o .\CortexM0\ARM_GCC_541\Debug\UART_DEB_rx.o .\CortexM0\ARM_GCC_541\Debug\UART_DEB_rx_PM.o .\CortexM0\ARM_GCC_541\Debug\BLE_1_bless_isr.o .\CortexM0\ARM_GCC_541\Debug\CapSense_ISR.o .\CortexM0\ARM_GCC_541\Debug\SPIM_IntClock.o .\CortexM0\ARM_GCC_541\Debug\cy_em_eeprom.o .\CortexM0\ARM_GCC_541\Debug\CyFlash.o .\CortexM0\ARM_GCC_541\Debug\CyLib.o .\CortexM0\ARM_GCC_541\Debug\cyPm.o .\CortexM0\ARM_GCC_541\Debug\cyutils.o .\CortexM0\ARM_GCC_541\Debug\CyDMA.o .\CortexM0\ARM_GCC_541\Debug\CyLFClk.o .\CortexM0\ARM_GCC_541\Debug\ADC.o .\CortexM0\ARM_GCC_541\Debug\ADC_PM.o .\CortexM0\ARM_GCC_541\Debug\ADC_INT.o .\CortexM0\ARM_GCC_541\Debug\Pin_A0.o .\CortexM0\ARM_GCC_541\Debug\Pin_A0_PM.o .\CortexM0\ARM_GCC_541\Debug\ADC_IRQ.o .\CortexM0\ARM_GCC_541\Debug\ADC_intClock.o .\CortexM0\ARM_GCC_541\Debug\CyBootAsmGnu.o
arm-none-eabi-ar.exe: creating .\CortexM0\ARM_GCC_541\Debug\Lab_4_1_BLE_Automation_IO.a
arm-none-eabi-gcc.exe -Wl,--start-group -o C:\Users\janusdg-win\UCU\POC\LABALAST\LABs_BLE\Lab_4_1_BLE_Automation_IO.cydsn\CortexM0\ARM_GCC_541\Debug\Lab_4_1_BLE_Automation_IO.elf .\CortexM0\ARM_GCC_541\Debug\main.o .\CortexM0\ARM_GCC_541\Debug\aios.o .\CortexM0\ARM_GCC_541\Debug\debug.o .\CortexM0\ARM_GCC_541\Debug\cyfitter_cfg.o .\CortexM0\ARM_GCC_541\Debug\cymetadata.o .\CortexM0\ARM_GCC_541\Debug\Cm0Start.o .\CortexM0\ARM_GCC_541\Debug\Lab_4_1_BLE_Automation_IO.a "..\..\..\..\..\Documents\PSoC Creator\4.2\Downloads ( 4.2).cylib\BLE_v3_66\Library\gccCyBLEStack_BLE_SOC_PERIPHERAL.a" "C:\Program Files (x86)\Cypress\PSoC Creator\4.2\PSoC Creator\psoc\content\CyComponentLibrary\CyComponentLibrary.cylib\CapSense_P4_v5_0\PSoC4\Library\Capsense_P4Library_GCC.a" -mcpu=cortex-m0 -mthumb -L Generated_Source\PSoC4 -Wl,-Map,.\CortexM0\ARM_GCC_541\Debug/Lab_4_1_BLE_Automation_IO.map -T Generated_Source\PSoC4\cm0gcc.ld -specs=nano.specs -Wl,--gc-sections -g -ffunction-sections -Og -ffat-lto-objects -Wl,--end-group
cyelftool.exe -C C:\Users\janusdg-win\UCU\POC\LABALAST\LABs_BLE\Lab_4_1_BLE_Automation_IO.cydsn\CortexM0\ARM_GCC_541\Debug\Lab_4_1_BLE_Automation_IO.elf --flash_row_size 256 --flash_size 262144 --flash_offset 0x00000000
No ELF section .cychecksum found, creating one
Application checksum calculated and stored in ELF section .cychecksum
Checksum calculated and stored in ELF section .cymeta
cyelftool.exe -S C:\Users\janusdg-win\UCU\POC\LABALAST\LABs_BLE\Lab_4_1_BLE_Automation_IO.cydsn\CortexM0\ARM_GCC_541\Debug\Lab_4_1_BLE_Automation_IO.elf
Flash used: 129252 of 262144 bytes (49.3%).
SRAM used: 15220 of 32768 bytes (46.4%). Stack: 2048 bytes. Heap: 2048 bytes.
--------------- Build Succeeded: 12/19/2020 20:14:46 ---------------
