ARM GAS  C:\Users\JANUSD~1\AppData\Local\Temp\ccQUK5vW.s 			page 1


   1              		.syntax unified
   2              		.cpu cortex-m0
   3              		.fpu softvfp
   4              		.eabi_attribute 20, 1
   5              		.eabi_attribute 21, 1
   6              		.eabi_attribute 23, 3
   7              		.eabi_attribute 24, 1
   8              		.eabi_attribute 25, 1
   9              		.eabi_attribute 26, 1
  10              		.eabi_attribute 30, 1
  11              		.eabi_attribute 34, 0
  12              		.eabi_attribute 18, 4
  13              		.thumb
  14              		.syntax unified
  15              		.file	"CapSense_Tuner.c"
  16              		.text
  17              	.Ltext0:
  18              		.cfi_sections	.debug_frame
  19              		.section	.text.CapSense_TuInitialize,"ax",%progbits
  20              		.align	2
  21              		.global	CapSense_TuInitialize
  22              		.code	16
  23              		.thumb_func
  24              		.type	CapSense_TuInitialize, %function
  25              	CapSense_TuInitialize:
  26              	.LFB2:
  27              		.file 1 "Generated_Source\\PSoC4\\CapSense_Tuner.c"
   1:Generated_Source\PSoC4/CapSense_Tuner.c **** /***************************************************************************//**
   2:Generated_Source\PSoC4/CapSense_Tuner.c **** * \file CapSense_Tuner.c
   3:Generated_Source\PSoC4/CapSense_Tuner.c **** * \version 5.0
   4:Generated_Source\PSoC4/CapSense_Tuner.c **** *
   5:Generated_Source\PSoC4/CapSense_Tuner.c **** * \brief
   6:Generated_Source\PSoC4/CapSense_Tuner.c **** *   This file provides the source code for the Tuner module API of the Component.
   7:Generated_Source\PSoC4/CapSense_Tuner.c **** *
   8:Generated_Source\PSoC4/CapSense_Tuner.c **** * \see CapSense v5.0 Datasheet
   9:Generated_Source\PSoC4/CapSense_Tuner.c **** *
  10:Generated_Source\PSoC4/CapSense_Tuner.c **** *//*****************************************************************************
  11:Generated_Source\PSoC4/CapSense_Tuner.c **** * Copyright (2016-2017), Cypress Semiconductor Corporation.
  12:Generated_Source\PSoC4/CapSense_Tuner.c **** ********************************************************************************
  13:Generated_Source\PSoC4/CapSense_Tuner.c **** * This software is owned by Cypress Semiconductor Corporation (Cypress) and is
  14:Generated_Source\PSoC4/CapSense_Tuner.c **** * protected by and subject to worldwide patent protection (United States and
  15:Generated_Source\PSoC4/CapSense_Tuner.c **** * foreign), United States copyright laws and international treaty provisions.
  16:Generated_Source\PSoC4/CapSense_Tuner.c **** * Cypress hereby grants to licensee a personal, non-exclusive, non-transferable
  17:Generated_Source\PSoC4/CapSense_Tuner.c **** * license to copy, use, modify, create derivative works of, and compile the
  18:Generated_Source\PSoC4/CapSense_Tuner.c **** * Cypress Source Code and derivative works for the sole purpose of creating
  19:Generated_Source\PSoC4/CapSense_Tuner.c **** * custom software in support of licensee product to be used only in conjunction
  20:Generated_Source\PSoC4/CapSense_Tuner.c **** * with a Cypress integrated circuit as specified in the applicable agreement.
  21:Generated_Source\PSoC4/CapSense_Tuner.c **** * Any reproduction, modification, translation, compilation, or representation of
  22:Generated_Source\PSoC4/CapSense_Tuner.c **** * this software except as specified above is prohibited without the express
  23:Generated_Source\PSoC4/CapSense_Tuner.c **** * written permission of Cypress.
  24:Generated_Source\PSoC4/CapSense_Tuner.c **** *
  25:Generated_Source\PSoC4/CapSense_Tuner.c **** * Disclaimer: CYPRESS MAKES NO WARRANTY OF ANY KIND, EXPRESS OR IMPLIED, WITH
  26:Generated_Source\PSoC4/CapSense_Tuner.c **** * REGARD TO THIS MATERIAL, INCLUDING, BUT NOT LIMITED TO, THE IMPLIED
  27:Generated_Source\PSoC4/CapSense_Tuner.c **** * WARRANTIES OF MERCHANTABILITY AND FITNESS FOR A PARTICULAR PURPOSE.
  28:Generated_Source\PSoC4/CapSense_Tuner.c **** * Cypress reserves the right to make changes without further notice to the
  29:Generated_Source\PSoC4/CapSense_Tuner.c **** * materials described herein. Cypress does not assume any liability arising out
  30:Generated_Source\PSoC4/CapSense_Tuner.c **** * of the application or use of any product or circuit described herein. Cypress
ARM GAS  C:\Users\JANUSD~1\AppData\Local\Temp\ccQUK5vW.s 			page 2


  31:Generated_Source\PSoC4/CapSense_Tuner.c **** * does not authorize its products for use as critical components in life-support
  32:Generated_Source\PSoC4/CapSense_Tuner.c **** * systems where a malfunction or failure may reasonably be expected to result in
  33:Generated_Source\PSoC4/CapSense_Tuner.c **** * significant injury to the user. The inclusion of Cypress' product in a life-
  34:Generated_Source\PSoC4/CapSense_Tuner.c **** * support systems application implies that the manufacturer assumes all risk of
  35:Generated_Source\PSoC4/CapSense_Tuner.c **** * such use and in doing so indemnifies Cypress against all charges. Use may be
  36:Generated_Source\PSoC4/CapSense_Tuner.c **** * limited by and subject to the applicable Cypress software license agreement.
  37:Generated_Source\PSoC4/CapSense_Tuner.c **** *******************************************************************************/
  38:Generated_Source\PSoC4/CapSense_Tuner.c **** 
  39:Generated_Source\PSoC4/CapSense_Tuner.c **** #include "cytypes.h"
  40:Generated_Source\PSoC4/CapSense_Tuner.c **** #include "CyLib.h"
  41:Generated_Source\PSoC4/CapSense_Tuner.c **** #include "CapSense_Structure.h"
  42:Generated_Source\PSoC4/CapSense_Tuner.c **** #include "CapSense_Tuner.h"
  43:Generated_Source\PSoC4/CapSense_Tuner.c **** #include "CapSense_Control.h"
  44:Generated_Source\PSoC4/CapSense_Tuner.c **** #include "CapSense_Configuration.h"
  45:Generated_Source\PSoC4/CapSense_Tuner.c **** 
  46:Generated_Source\PSoC4/CapSense_Tuner.c **** /* Tuner states definition */
  47:Generated_Source\PSoC4/CapSense_Tuner.c **** #define TU_FSM_RUNNING      (0u)
  48:Generated_Source\PSoC4/CapSense_Tuner.c **** #define TU_FSM_SUSPENDED    (1u)
  49:Generated_Source\PSoC4/CapSense_Tuner.c **** #define TU_FSM_SNR_TEST     (2u)
  50:Generated_Source\PSoC4/CapSense_Tuner.c **** #define TU_FSM_ONE_SCAN     (3u)
  51:Generated_Source\PSoC4/CapSense_Tuner.c **** 
  52:Generated_Source\PSoC4/CapSense_Tuner.c **** /* Tuner state variable */
  53:Generated_Source\PSoC4/CapSense_Tuner.c **** static uint32 tunerFsm = TU_FSM_RUNNING;
  54:Generated_Source\PSoC4/CapSense_Tuner.c **** 
  55:Generated_Source\PSoC4/CapSense_Tuner.c **** 
  56:Generated_Source\PSoC4/CapSense_Tuner.c **** /*******************************************************************************
  57:Generated_Source\PSoC4/CapSense_Tuner.c **** * Function Name: CapSense_TuInitialize
  58:Generated_Source\PSoC4/CapSense_Tuner.c **** ****************************************************************************//**
  59:Generated_Source\PSoC4/CapSense_Tuner.c **** *
  60:Generated_Source\PSoC4/CapSense_Tuner.c **** * \brief
  61:Generated_Source\PSoC4/CapSense_Tuner.c **** *   This function initializes the communication interface with the Tuner GUI.
  62:Generated_Source\PSoC4/CapSense_Tuner.c **** *
  63:Generated_Source\PSoC4/CapSense_Tuner.c **** * \details
  64:Generated_Source\PSoC4/CapSense_Tuner.c **** *   This API sets the tuner state machine to the default state. It is called by
  65:Generated_Source\PSoC4/CapSense_Tuner.c **** *   the CapSense_Start() API.
  66:Generated_Source\PSoC4/CapSense_Tuner.c **** *
  67:Generated_Source\PSoC4/CapSense_Tuner.c **** *******************************************************************************/
  68:Generated_Source\PSoC4/CapSense_Tuner.c **** void CapSense_TuInitialize(void)
  69:Generated_Source\PSoC4/CapSense_Tuner.c **** {
  28              		.loc 1 69 0
  29              		.cfi_startproc
  30              		@ args = 0, pretend = 0, frame = 0
  31              		@ frame_needed = 0, uses_anonymous_args = 0
  32              		@ link register save eliminated.
  33              	.LVL0:
  70:Generated_Source\PSoC4/CapSense_Tuner.c ****     volatile CapSense_RAM_STRUCT *ptrDsRam = &CapSense_dsRam;
  71:Generated_Source\PSoC4/CapSense_Tuner.c **** 
  72:Generated_Source\PSoC4/CapSense_Tuner.c ****     ptrDsRam->tunerCmd = (uint16)CapSense_TU_CMD_NONE_E;
  34              		.loc 1 72 0
  35 0000 0023     		movs	r3, #0
  36 0002 024A     		ldr	r2, .L2
  37 0004 D380     		strh	r3, [r2, #6]
  73:Generated_Source\PSoC4/CapSense_Tuner.c ****     tunerFsm = TU_FSM_RUNNING;
  38              		.loc 1 73 0
  39 0006 024A     		ldr	r2, .L2+4
  40 0008 1360     		str	r3, [r2]
  74:Generated_Source\PSoC4/CapSense_Tuner.c **** }
ARM GAS  C:\Users\JANUSD~1\AppData\Local\Temp\ccQUK5vW.s 			page 3


  41              		.loc 1 74 0
  42              		@ sp needed
  43 000a 7047     		bx	lr
  44              	.L3:
  45              		.align	2
  46              	.L2:
  47 000c 00000000 		.word	CapSense_dsRam
  48 0010 00000000 		.word	.LANCHOR0
  49              		.cfi_endproc
  50              	.LFE2:
  51              		.size	CapSense_TuInitialize, .-CapSense_TuInitialize
  52              		.section	.text.CapSense_RunTuner,"ax",%progbits
  53              		.align	2
  54              		.global	CapSense_RunTuner
  55              		.code	16
  56              		.thumb_func
  57              		.type	CapSense_RunTuner, %function
  58              	CapSense_RunTuner:
  59              	.LFB3:
  75:Generated_Source\PSoC4/CapSense_Tuner.c **** 
  76:Generated_Source\PSoC4/CapSense_Tuner.c **** /*******************************************************************************
  77:Generated_Source\PSoC4/CapSense_Tuner.c **** * Function Name: CapSense_RunTuner
  78:Generated_Source\PSoC4/CapSense_Tuner.c **** ****************************************************************************//**
  79:Generated_Source\PSoC4/CapSense_Tuner.c **** *
  80:Generated_Source\PSoC4/CapSense_Tuner.c **** * \brief
  81:Generated_Source\PSoC4/CapSense_Tuner.c **** *  Establishes synchronized communication with the Tuner application.
  82:Generated_Source\PSoC4/CapSense_Tuner.c **** *
  83:Generated_Source\PSoC4/CapSense_Tuner.c **** * \details
  84:Generated_Source\PSoC4/CapSense_Tuner.c **** *  This function is used to establish synchronized communication between the
  85:Generated_Source\PSoC4/CapSense_Tuner.c **** *  CapSense Component and Tuner application (or other host controllers).
  86:Generated_Source\PSoC4/CapSense_Tuner.c **** *  This function is called periodically in the application program loop
  87:Generated_Source\PSoC4/CapSense_Tuner.c **** *  to serve the Tuner application (or host controller) requests and commands.
  88:Generated_Source\PSoC4/CapSense_Tuner.c **** *  In most cases, the best place to call this function is after processing and
  89:Generated_Source\PSoC4/CapSense_Tuner.c **** *  before next scanning.
  90:Generated_Source\PSoC4/CapSense_Tuner.c **** *
  91:Generated_Source\PSoC4/CapSense_Tuner.c **** *  If this function is absent in the application program, then communication is
  92:Generated_Source\PSoC4/CapSense_Tuner.c **** *  asynchronous and the following disadvantages are applicable:
  93:Generated_Source\PSoC4/CapSense_Tuner.c **** *    - The raw counts displayed in the tuner may be filtered and/or unfiltered.
  94:Generated_Source\PSoC4/CapSense_Tuner.c **** *      As a result, noise and SNR measurements will not be accurate.
  95:Generated_Source\PSoC4/CapSense_Tuner.c **** *    - The Tuner tool may read the sensor data such as raw counts from a scan
  96:Generated_Source\PSoC4/CapSense_Tuner.c **** *      multiple times, as a result, noise and SNR measurement will not be
  97:Generated_Source\PSoC4/CapSense_Tuner.c **** *      accurate.
  98:Generated_Source\PSoC4/CapSense_Tuner.c **** *    - The Tuner tool and host controller should not change the Component parameters
  99:Generated_Source\PSoC4/CapSense_Tuner.c **** *      via the tuner interface. Changing the Component parameters via the tuner
 100:Generated_Source\PSoC4/CapSense_Tuner.c **** *      interface in the async mode will result in Component abnormal behavior.
 101:Generated_Source\PSoC4/CapSense_Tuner.c **** *
 102:Generated_Source\PSoC4/CapSense_Tuner.c **** *  Note that calling this function is not mandatory for the application, but
 103:Generated_Source\PSoC4/CapSense_Tuner.c **** *  required only to synchronize the communication with the host controller or
 104:Generated_Source\PSoC4/CapSense_Tuner.c **** *  tuner application.
 105:Generated_Source\PSoC4/CapSense_Tuner.c **** *
 106:Generated_Source\PSoC4/CapSense_Tuner.c **** * \return
 107:Generated_Source\PSoC4/CapSense_Tuner.c **** *  In some cases, the application program may need to know if the Component was
 108:Generated_Source\PSoC4/CapSense_Tuner.c **** *  re-initialized. The return indicates if a restart command was executed or not:
 109:Generated_Source\PSoC4/CapSense_Tuner.c **** *    - CapSense_STATUS_RESTART_DONE - Based on a received command, the
 110:Generated_Source\PSoC4/CapSense_Tuner.c **** *      Component was restarted.
 111:Generated_Source\PSoC4/CapSense_Tuner.c **** *    -  CapSense_STATUS_RESTART_NONE - No restart was executed by this
 112:Generated_Source\PSoC4/CapSense_Tuner.c **** *      function.
ARM GAS  C:\Users\JANUSD~1\AppData\Local\Temp\ccQUK5vW.s 			page 4


 113:Generated_Source\PSoC4/CapSense_Tuner.c **** *
 114:Generated_Source\PSoC4/CapSense_Tuner.c **** *******************************************************************************/
 115:Generated_Source\PSoC4/CapSense_Tuner.c **** uint32 CapSense_RunTuner(void)
 116:Generated_Source\PSoC4/CapSense_Tuner.c **** {
  60              		.loc 1 116 0
  61              		.cfi_startproc
  62              		@ args = 0, pretend = 0, frame = 0
  63              		@ frame_needed = 0, uses_anonymous_args = 0
  64 0000 70B5     		push	{r4, r5, r6, lr}
  65              		.cfi_def_cfa_offset 16
  66              		.cfi_offset 4, -16
  67              		.cfi_offset 5, -12
  68              		.cfi_offset 6, -8
  69              		.cfi_offset 14, -4
  70              	.LVL1:
 117:Generated_Source\PSoC4/CapSense_Tuner.c ****     uint8 interruptState;
 118:Generated_Source\PSoC4/CapSense_Tuner.c ****     uint32 widgetId;
 119:Generated_Source\PSoC4/CapSense_Tuner.c ****     uint32 sensorId;
 120:Generated_Source\PSoC4/CapSense_Tuner.c ****     uint32 updateFlag = 0Lu;
 121:Generated_Source\PSoC4/CapSense_Tuner.c ****     CapSense_TU_CMD_ENUM command;
 122:Generated_Source\PSoC4/CapSense_Tuner.c ****     uint32 tunerStatus = CapSense_STATUS_RESTART_NONE;
  71              		.loc 1 122 0
  72 0002 0025     		movs	r5, #0
 120:Generated_Source\PSoC4/CapSense_Tuner.c ****     CapSense_TU_CMD_ENUM command;
  73              		.loc 1 120 0
  74 0004 0026     		movs	r6, #0
  75              	.LVL2:
  76              	.L16:
 123:Generated_Source\PSoC4/CapSense_Tuner.c **** 
 124:Generated_Source\PSoC4/CapSense_Tuner.c ****     volatile CapSense_RAM_STRUCT *ptrDsRam;
 125:Generated_Source\PSoC4/CapSense_Tuner.c ****     volatile CapSense_RAM_SNS_STRUCT *ptrSnsTmp;
 126:Generated_Source\PSoC4/CapSense_Tuner.c **** 
 127:Generated_Source\PSoC4/CapSense_Tuner.c ****     ptrDsRam = &CapSense_dsRam;
 128:Generated_Source\PSoC4/CapSense_Tuner.c **** 
 129:Generated_Source\PSoC4/CapSense_Tuner.c ****     do
 130:Generated_Source\PSoC4/CapSense_Tuner.c ****     {
 131:Generated_Source\PSoC4/CapSense_Tuner.c ****         /* ONE_SCAN command could be interpreted as two commands:
 132:Generated_Source\PSoC4/CapSense_Tuner.c ****         * RESUME till next call of this function and then
 133:Generated_Source\PSoC4/CapSense_Tuner.c ****         * SUSPEND till next command receiving.
 134:Generated_Source\PSoC4/CapSense_Tuner.c ****         */
 135:Generated_Source\PSoC4/CapSense_Tuner.c ****         if (TU_FSM_ONE_SCAN == tunerFsm)
  77              		.loc 1 135 0
  78 0006 3E4B     		ldr	r3, .L18
  79 0008 1B68     		ldr	r3, [r3]
  80 000a 032B     		cmp	r3, #3
  81 000c 06D1     		bne	.L5
 136:Generated_Source\PSoC4/CapSense_Tuner.c ****         {
 137:Generated_Source\PSoC4/CapSense_Tuner.c ****             interruptState = CyEnterCriticalSection();
  82              		.loc 1 137 0
  83 000e FFF7FEFF 		bl	CyEnterCriticalSection
  84              	.LVL3:
 138:Generated_Source\PSoC4/CapSense_Tuner.c ****             ptrDsRam->tunerCmd = (uint16)CapSense_TU_CMD_SUSPEND_E;
  85              		.loc 1 138 0
  86 0012 0122     		movs	r2, #1
  87 0014 3B4B     		ldr	r3, .L18+4
  88 0016 DA80     		strh	r2, [r3, #6]
 139:Generated_Source\PSoC4/CapSense_Tuner.c ****             CyExitCriticalSection(interruptState);
ARM GAS  C:\Users\JANUSD~1\AppData\Local\Temp\ccQUK5vW.s 			page 5


  89              		.loc 1 139 0
  90 0018 FFF7FEFF 		bl	CyExitCriticalSection
  91              	.LVL4:
  92              	.L5:
 140:Generated_Source\PSoC4/CapSense_Tuner.c ****         }
 141:Generated_Source\PSoC4/CapSense_Tuner.c ****         command = (CapSense_TU_CMD_ENUM)ptrDsRam->tunerCmd;
  93              		.loc 1 141 0
  94 001c 394B     		ldr	r3, .L18+4
  95 001e DC88     		ldrh	r4, [r3, #6]
  96 0020 E4B2     		uxtb	r4, r4
  97              	.LVL5:
 142:Generated_Source\PSoC4/CapSense_Tuner.c **** 
 143:Generated_Source\PSoC4/CapSense_Tuner.c ****         /* Check command register */
 144:Generated_Source\PSoC4/CapSense_Tuner.c ****         switch (command)
  98              		.loc 1 144 0
  99 0022 062C     		cmp	r4, #6
 100 0024 23D8     		bhi	.L6
 101 0026 A300     		lsls	r3, r4, #2
 102 0028 374A     		ldr	r2, .L18+8
 103 002a D358     		ldr	r3, [r2, r3]
 104 002c 9F46     		mov	pc, r3
 105              		.section	.rodata
 106              		.align	2
 107              	.L8:
 108 0000 6E000000 		.word	.L6
 109 0004 2E000000 		.word	.L7
 110 0008 38000000 		.word	.L9
 111 000c 42000000 		.word	.L10
 112 0010 52000000 		.word	.L11
 113 0014 5C000000 		.word	.L12
 114 0018 66000000 		.word	.L13
 115              		.section	.text.CapSense_RunTuner
 116              	.L7:
 145:Generated_Source\PSoC4/CapSense_Tuner.c ****         {
 146:Generated_Source\PSoC4/CapSense_Tuner.c ****         case CapSense_TU_CMD_SUSPEND_E:
 147:Generated_Source\PSoC4/CapSense_Tuner.c ****             tunerFsm = TU_FSM_SUSPENDED;
 117              		.loc 1 147 0
 118 002e 0122     		movs	r2, #1
 119 0030 334B     		ldr	r3, .L18
 120 0032 1A60     		str	r2, [r3]
 121              	.LVL6:
 148:Generated_Source\PSoC4/CapSense_Tuner.c ****             updateFlag = 1Lu;
 122              		.loc 1 148 0
 123 0034 0126     		movs	r6, #1
 149:Generated_Source\PSoC4/CapSense_Tuner.c ****             break;
 124              		.loc 1 149 0
 125 0036 1AE0     		b	.L6
 126              	.LVL7:
 127              	.L9:
 150:Generated_Source\PSoC4/CapSense_Tuner.c **** 
 151:Generated_Source\PSoC4/CapSense_Tuner.c ****         case CapSense_TU_CMD_RESUME_E:
 152:Generated_Source\PSoC4/CapSense_Tuner.c ****             tunerFsm = TU_FSM_RUNNING;
 128              		.loc 1 152 0
 129 0038 0022     		movs	r2, #0
 130 003a 314B     		ldr	r3, .L18
 131 003c 1A60     		str	r2, [r3]
 132              	.LVL8:
ARM GAS  C:\Users\JANUSD~1\AppData\Local\Temp\ccQUK5vW.s 			page 6


 153:Generated_Source\PSoC4/CapSense_Tuner.c ****             updateFlag = 1Lu;
 133              		.loc 1 153 0
 134 003e 0126     		movs	r6, #1
 154:Generated_Source\PSoC4/CapSense_Tuner.c ****             break;
 135              		.loc 1 154 0
 136 0040 15E0     		b	.L6
 137              	.LVL9:
 138              	.L10:
 155:Generated_Source\PSoC4/CapSense_Tuner.c **** 
 156:Generated_Source\PSoC4/CapSense_Tuner.c ****         case CapSense_TU_CMD_RESTART_E:
 157:Generated_Source\PSoC4/CapSense_Tuner.c ****             (void)CapSense_Start();
 139              		.loc 1 157 0
 140 0042 FFF7FEFF 		bl	CapSense_Start
 141              	.LVL10:
 158:Generated_Source\PSoC4/CapSense_Tuner.c ****             tunerStatus = CapSense_STATUS_RESTART_DONE;
 159:Generated_Source\PSoC4/CapSense_Tuner.c ****             tunerFsm = TU_FSM_RUNNING;
 142              		.loc 1 159 0
 143 0046 0022     		movs	r2, #0
 144 0048 2D4B     		ldr	r3, .L18
 145 004a 1A60     		str	r2, [r3]
 146              	.LVL11:
 158:Generated_Source\PSoC4/CapSense_Tuner.c ****             tunerStatus = CapSense_STATUS_RESTART_DONE;
 147              		.loc 1 158 0
 148 004c 0125     		movs	r5, #1
 160:Generated_Source\PSoC4/CapSense_Tuner.c ****             updateFlag = 1Lu;
 149              		.loc 1 160 0
 150 004e 0126     		movs	r6, #1
 161:Generated_Source\PSoC4/CapSense_Tuner.c ****             break;
 151              		.loc 1 161 0
 152 0050 0DE0     		b	.L6
 153              	.LVL12:
 154              	.L11:
 162:Generated_Source\PSoC4/CapSense_Tuner.c **** 
 163:Generated_Source\PSoC4/CapSense_Tuner.c ****         case CapSense_TU_CMD_RUN_SNR_TEST_E:
 164:Generated_Source\PSoC4/CapSense_Tuner.c ****             tunerFsm = TU_FSM_SNR_TEST;
 155              		.loc 1 164 0
 156 0052 0222     		movs	r2, #2
 157 0054 2A4B     		ldr	r3, .L18
 158 0056 1A60     		str	r2, [r3]
 159              	.LVL13:
 165:Generated_Source\PSoC4/CapSense_Tuner.c ****             updateFlag = 1Lu;
 160              		.loc 1 165 0
 161 0058 0126     		movs	r6, #1
 166:Generated_Source\PSoC4/CapSense_Tuner.c ****             break;
 162              		.loc 1 166 0
 163 005a 08E0     		b	.L6
 164              	.LVL14:
 165              	.L12:
 167:Generated_Source\PSoC4/CapSense_Tuner.c **** 
 168:Generated_Source\PSoC4/CapSense_Tuner.c ****         case CapSense_TU_CMD_PING_E:
 169:Generated_Source\PSoC4/CapSense_Tuner.c ****             tunerFsm = TU_FSM_RUNNING;
 166              		.loc 1 169 0
 167 005c 0022     		movs	r2, #0
 168 005e 284B     		ldr	r3, .L18
 169 0060 1A60     		str	r2, [r3]
 170              	.LVL15:
 170:Generated_Source\PSoC4/CapSense_Tuner.c ****             updateFlag = 1Lu;
ARM GAS  C:\Users\JANUSD~1\AppData\Local\Temp\ccQUK5vW.s 			page 7


 171              		.loc 1 170 0
 172 0062 0126     		movs	r6, #1
 171:Generated_Source\PSoC4/CapSense_Tuner.c ****             break;
 173              		.loc 1 171 0
 174 0064 03E0     		b	.L6
 175              	.LVL16:
 176              	.L13:
 172:Generated_Source\PSoC4/CapSense_Tuner.c **** 
 173:Generated_Source\PSoC4/CapSense_Tuner.c ****         case CapSense_TU_CMD_ONE_SCAN_E:
 174:Generated_Source\PSoC4/CapSense_Tuner.c ****             tunerFsm = TU_FSM_ONE_SCAN;
 177              		.loc 1 174 0
 178 0066 0322     		movs	r2, #3
 179 0068 254B     		ldr	r3, .L18
 180 006a 1A60     		str	r2, [r3]
 181              	.LVL17:
 175:Generated_Source\PSoC4/CapSense_Tuner.c ****             updateFlag = 0Lu;
 182              		.loc 1 175 0
 183 006c 0026     		movs	r6, #0
 184              	.LVL18:
 185              	.L6:
 176:Generated_Source\PSoC4/CapSense_Tuner.c ****             break;
 177:Generated_Source\PSoC4/CapSense_Tuner.c **** 
 178:Generated_Source\PSoC4/CapSense_Tuner.c ****         default:
 179:Generated_Source\PSoC4/CapSense_Tuner.c ****             break;
 180:Generated_Source\PSoC4/CapSense_Tuner.c ****         }
 181:Generated_Source\PSoC4/CapSense_Tuner.c **** 
 182:Generated_Source\PSoC4/CapSense_Tuner.c ****         /* Set Complete flag in command register if needed */
 183:Generated_Source\PSoC4/CapSense_Tuner.c ****         if (0Lu != updateFlag)
 186              		.loc 1 183 0
 187 006e 002E     		cmp	r6, #0
 188 0070 0FD0     		beq	.L14
 184:Generated_Source\PSoC4/CapSense_Tuner.c ****         {
 185:Generated_Source\PSoC4/CapSense_Tuner.c ****             interruptState = CyEnterCriticalSection();
 189              		.loc 1 185 0
 190 0072 FFF7FEFF 		bl	CyEnterCriticalSection
 191              	.LVL19:
 186:Generated_Source\PSoC4/CapSense_Tuner.c **** 
 187:Generated_Source\PSoC4/CapSense_Tuner.c ****             /* Check if command wasn't overwritten with new command */
 188:Generated_Source\PSoC4/CapSense_Tuner.c ****             if (command == (CapSense_TU_CMD_ENUM)ptrDsRam->tunerCmd)
 192              		.loc 1 188 0
 193 0076 234B     		ldr	r3, .L18+4
 194 0078 DB88     		ldrh	r3, [r3, #6]
 195 007a DBB2     		uxtb	r3, r3
 196 007c 9C42     		cmp	r4, r3
 197 007e 05D1     		bne	.L15
 189:Generated_Source\PSoC4/CapSense_Tuner.c ****             {
 190:Generated_Source\PSoC4/CapSense_Tuner.c ****                 ptrDsRam->tunerCmd |= CapSense_TU_CMD_COMPLETE_BIT;
 198              		.loc 1 190 0
 199 0080 204A     		ldr	r2, .L18+4
 200 0082 D188     		ldrh	r1, [r2, #6]
 201 0084 214B     		ldr	r3, .L18+12
 202 0086 0B43     		orrs	r3, r1
 203 0088 9BB2     		uxth	r3, r3
 204 008a D380     		strh	r3, [r2, #6]
 205              	.L15:
 191:Generated_Source\PSoC4/CapSense_Tuner.c ****             }
 192:Generated_Source\PSoC4/CapSense_Tuner.c ****             CyExitCriticalSection(interruptState);
ARM GAS  C:\Users\JANUSD~1\AppData\Local\Temp\ccQUK5vW.s 			page 8


 206              		.loc 1 192 0
 207 008c FFF7FEFF 		bl	CyExitCriticalSection
 208              	.LVL20:
 193:Generated_Source\PSoC4/CapSense_Tuner.c **** 
 194:Generated_Source\PSoC4/CapSense_Tuner.c ****             updateFlag = 0Lu;
 209              		.loc 1 194 0
 210 0090 0026     		movs	r6, #0
 211              	.LVL21:
 212              	.L14:
 195:Generated_Source\PSoC4/CapSense_Tuner.c ****         }
 196:Generated_Source\PSoC4/CapSense_Tuner.c ****     } while (TU_FSM_SUSPENDED == tunerFsm);
 213              		.loc 1 196 0
 214 0092 1B4B     		ldr	r3, .L18
 215 0094 1B68     		ldr	r3, [r3]
 216 0096 012B     		cmp	r3, #1
 217 0098 B5D0     		beq	.L16
 197:Generated_Source\PSoC4/CapSense_Tuner.c **** 
 198:Generated_Source\PSoC4/CapSense_Tuner.c ****     /* Check for SNR Test mode and do appropriate actions */
 199:Generated_Source\PSoC4/CapSense_Tuner.c ****     if (TU_FSM_SNR_TEST == tunerFsm)
 218              		.loc 1 199 0
 219 009a 022B     		cmp	r3, #2
 220 009c 2DD1     		bne	.L17
 200:Generated_Source\PSoC4/CapSense_Tuner.c ****     {
 201:Generated_Source\PSoC4/CapSense_Tuner.c ****         widgetId = ptrDsRam->snrTestWidgetId;
 221              		.loc 1 201 0
 222 009e 194A     		ldr	r2, .L18+4
 223 00a0 5E33     		adds	r3, r3, #94
 224 00a2 D35C     		ldrb	r3, [r2, r3]
 225 00a4 DBB2     		uxtb	r3, r3
 226              	.LVL22:
 202:Generated_Source\PSoC4/CapSense_Tuner.c ****         sensorId = ptrDsRam->snrTestSensorId;
 227              		.loc 1 202 0
 228 00a6 6121     		movs	r1, #97
 229 00a8 525C     		ldrb	r2, [r2, r1]
 230 00aa D2B2     		uxtb	r2, r2
 231              	.LVL23:
 203:Generated_Source\PSoC4/CapSense_Tuner.c **** 
 204:Generated_Source\PSoC4/CapSense_Tuner.c ****         /* Check if widgetId and sensorId are in range,
 205:Generated_Source\PSoC4/CapSense_Tuner.c ****          * and data was updated in RAM (scan counter changed)
 206:Generated_Source\PSoC4/CapSense_Tuner.c ****          */
 207:Generated_Source\PSoC4/CapSense_Tuner.c ****         if ((widgetId < CapSense_TOTAL_WIDGETS)              &&
 232              		.loc 1 207 0
 233 00ac 002B     		cmp	r3, #0
 234 00ae 24D1     		bne	.L17
 208:Generated_Source\PSoC4/CapSense_Tuner.c ****             (sensorId < CapSense_GET_SENSOR_COUNT(widgetId)) &&
 235              		.loc 1 208 0 discriminator 1
 236 00b0 3539     		subs	r1, r1, #53
 237 00b2 5943     		muls	r1, r3
 238 00b4 1648     		ldr	r0, .L18+16
 239 00b6 4118     		adds	r1, r0, r1
 240 00b8 098B     		ldrh	r1, [r1, #24]
 207:Generated_Source\PSoC4/CapSense_Tuner.c ****             (sensorId < CapSense_GET_SENSOR_COUNT(widgetId)) &&
 241              		.loc 1 207 0 discriminator 1
 242 00ba 8A42     		cmp	r2, r1
 243 00bc 1DD2     		bcs	.L17
 209:Generated_Source\PSoC4/CapSense_Tuner.c ****             (ptrDsRam->scanCounter != ptrDsRam->snrTestScanCounter))
 244              		.loc 1 209 0
ARM GAS  C:\Users\JANUSD~1\AppData\Local\Temp\ccQUK5vW.s 			page 9


 245 00be 1149     		ldr	r1, .L18+4
 246 00c0 0889     		ldrh	r0, [r1, #8]
 247 00c2 80B2     		uxth	r0, r0
 248 00c4 6224     		movs	r4, #98
 249              	.LVL24:
 250 00c6 095B     		ldrh	r1, [r1, r4]
 251 00c8 89B2     		uxth	r1, r1
 208:Generated_Source\PSoC4/CapSense_Tuner.c ****             (sensorId < CapSense_GET_SENSOR_COUNT(widgetId)) &&
 252              		.loc 1 208 0
 253 00ca 8842     		cmp	r0, r1
 254 00cc 15D0     		beq	.L17
 210:Generated_Source\PSoC4/CapSense_Tuner.c ****         {
 211:Generated_Source\PSoC4/CapSense_Tuner.c ****             /* Get access to the Sensor Object */
 212:Generated_Source\PSoC4/CapSense_Tuner.c ****             ptrSnsTmp = CapSense_dsFlash.wdgtArray[widgetId].ptr2SnsRam;
 255              		.loc 1 212 0
 256 00ce 2C21     		movs	r1, #44
 257 00d0 4B43     		muls	r3, r1
 258              	.LVL25:
 259 00d2 0F49     		ldr	r1, .L18+16
 260 00d4 CB18     		adds	r3, r1, r3
 261 00d6 9C68     		ldr	r4, [r3, #8]
 262              	.LVL26:
 213:Generated_Source\PSoC4/CapSense_Tuner.c ****             ptrSnsTmp += sensorId;
 263              		.loc 1 213 0
 264 00d8 9300     		lsls	r3, r2, #2
 265 00da 9A18     		adds	r2, r3, r2
 266              	.LVL27:
 267 00dc 5300     		lsls	r3, r2, #1
 268 00de E418     		adds	r4, r4, r3
 269              	.LVL28:
 214:Generated_Source\PSoC4/CapSense_Tuner.c **** 
 215:Generated_Source\PSoC4/CapSense_Tuner.c ****             /* Update data in SNR Test Object */
 216:Generated_Source\PSoC4/CapSense_Tuner.c ****             interruptState = CyEnterCriticalSection();
 270              		.loc 1 216 0
 271 00e0 FFF7FEFF 		bl	CyEnterCriticalSection
 272              	.LVL29:
 217:Generated_Source\PSoC4/CapSense_Tuner.c ****             ptrDsRam->snrTestScanCounter = ptrDsRam->scanCounter;
 273              		.loc 1 217 0
 274 00e4 074B     		ldr	r3, .L18+4
 275 00e6 1A89     		ldrh	r2, [r3, #8]
 276 00e8 92B2     		uxth	r2, r2
 277 00ea 6221     		movs	r1, #98
 278 00ec 5A52     		strh	r2, [r3, r1]
 218:Generated_Source\PSoC4/CapSense_Tuner.c ****             ptrDsRam->snrTestRawCount[0u] = ptrSnsTmp->raw[0u];
 279              		.loc 1 218 0
 280 00ee 2288     		ldrh	r2, [r4]
 281 00f0 92B2     		uxth	r2, r2
 282 00f2 0231     		adds	r1, r1, #2
 283 00f4 5A52     		strh	r2, [r3, r1]
 219:Generated_Source\PSoC4/CapSense_Tuner.c **** 
 220:Generated_Source\PSoC4/CapSense_Tuner.c ****             #if (0u != CapSense_MULTI_FREQ_SCAN_EN)
 221:Generated_Source\PSoC4/CapSense_Tuner.c ****                 ptrDsRam->snrTestRawCount[1u] = ptrSnsTmp->raw[1u];
 222:Generated_Source\PSoC4/CapSense_Tuner.c ****                 ptrDsRam->snrTestRawCount[2u] = ptrSnsTmp->raw[2u];
 223:Generated_Source\PSoC4/CapSense_Tuner.c ****             #endif
 224:Generated_Source\PSoC4/CapSense_Tuner.c **** 
 225:Generated_Source\PSoC4/CapSense_Tuner.c ****             CyExitCriticalSection(interruptState);
 284              		.loc 1 225 0
ARM GAS  C:\Users\JANUSD~1\AppData\Local\Temp\ccQUK5vW.s 			page 10


 285 00f6 FFF7FEFF 		bl	CyExitCriticalSection
 286              	.LVL30:
 287              	.L17:
 226:Generated_Source\PSoC4/CapSense_Tuner.c ****         }
 227:Generated_Source\PSoC4/CapSense_Tuner.c ****     }
 228:Generated_Source\PSoC4/CapSense_Tuner.c ****     return tunerStatus;
 229:Generated_Source\PSoC4/CapSense_Tuner.c **** }
 288              		.loc 1 229 0
 289 00fa 2800     		movs	r0, r5
 290              		@ sp needed
 291              	.LVL31:
 292              	.LVL32:
 293 00fc 70BD     		pop	{r4, r5, r6, pc}
 294              	.L19:
 295 00fe C046     		.align	2
 296              	.L18:
 297 0100 00000000 		.word	.LANCHOR0
 298 0104 00000000 		.word	CapSense_dsRam
 299 0108 00000000 		.word	.L8
 300 010c 0080FFFF 		.word	-32768
 301 0110 00000000 		.word	CapSense_dsFlash
 302              		.cfi_endproc
 303              	.LFE3:
 304              		.size	CapSense_RunTuner, .-CapSense_RunTuner
 305              		.bss
 306              		.align	2
 307              		.set	.LANCHOR0,. + 0
 308              		.type	tunerFsm, %object
 309              		.size	tunerFsm, 4
 310              	tunerFsm:
 311 0000 00000000 		.space	4
 312              		.text
 313              	.Letext0:
 314              		.file 2 "Generated_Source\\PSoC4\\cytypes.h"
 315              		.file 3 "Generated_Source\\PSoC4\\CapSense_Configuration.h"
 316              		.file 4 "Generated_Source\\PSoC4\\CapSense_Structure.h"
 317              		.file 5 "Generated_Source\\PSoC4\\CapSense_Tuner.h"
 318              		.file 6 "Generated_Source\\PSoC4\\CyLib.h"
 319              		.file 7 "Generated_Source\\PSoC4\\CapSense_Control.h"
 320              		.section	.debug_info,"",%progbits
 321              	.Ldebug_info0:
 322 0000 E4050000 		.4byte	0x5e4
 323 0004 0400     		.2byte	0x4
 324 0006 00000000 		.4byte	.Ldebug_abbrev0
 325 000a 04       		.byte	0x4
 326 000b 01       		.uleb128 0x1
 327 000c 54000000 		.4byte	.LASF95
 328 0010 0C       		.byte	0xc
 329 0011 45030000 		.4byte	.LASF96
 330 0015 26020000 		.4byte	.LASF97
 331 0019 00000000 		.4byte	.Ldebug_ranges0+0
 332 001d 00000000 		.4byte	0
 333 0021 00000000 		.4byte	.Ldebug_line0
 334 0025 02       		.uleb128 0x2
 335 0026 01       		.byte	0x1
 336 0027 06       		.byte	0x6
 337 0028 97010000 		.4byte	.LASF0
ARM GAS  C:\Users\JANUSD~1\AppData\Local\Temp\ccQUK5vW.s 			page 11


 338 002c 02       		.uleb128 0x2
 339 002d 01       		.byte	0x1
 340 002e 08       		.byte	0x8
 341 002f 85040000 		.4byte	.LASF1
 342 0033 02       		.uleb128 0x2
 343 0034 02       		.byte	0x2
 344 0035 05       		.byte	0x5
 345 0036 AA040000 		.4byte	.LASF2
 346 003a 02       		.uleb128 0x2
 347 003b 02       		.byte	0x2
 348 003c 07       		.byte	0x7
 349 003d 21030000 		.4byte	.LASF3
 350 0041 02       		.uleb128 0x2
 351 0042 04       		.byte	0x4
 352 0043 05       		.byte	0x5
 353 0044 D6010000 		.4byte	.LASF4
 354 0048 02       		.uleb128 0x2
 355 0049 04       		.byte	0x4
 356 004a 07       		.byte	0x7
 357 004b D8020000 		.4byte	.LASF5
 358 004f 02       		.uleb128 0x2
 359 0050 08       		.byte	0x8
 360 0051 05       		.byte	0x5
 361 0052 89010000 		.4byte	.LASF6
 362 0056 02       		.uleb128 0x2
 363 0057 08       		.byte	0x8
 364 0058 07       		.byte	0x7
 365 0059 FA000000 		.4byte	.LASF7
 366 005d 03       		.uleb128 0x3
 367 005e 04       		.byte	0x4
 368 005f 05       		.byte	0x5
 369 0060 696E7400 		.ascii	"int\000"
 370 0064 02       		.uleb128 0x2
 371 0065 04       		.byte	0x4
 372 0066 07       		.byte	0x7
 373 0067 AA020000 		.4byte	.LASF8
 374 006b 04       		.uleb128 0x4
 375 006c F4010000 		.4byte	.LASF9
 376 0070 02       		.byte	0x2
 377 0071 E601     		.2byte	0x1e6
 378 0073 2C000000 		.4byte	0x2c
 379 0077 04       		.uleb128 0x4
 380 0078 00000000 		.4byte	.LASF10
 381 007c 02       		.byte	0x2
 382 007d E701     		.2byte	0x1e7
 383 007f 3A000000 		.4byte	0x3a
 384 0083 04       		.uleb128 0x4
 385 0084 75020000 		.4byte	.LASF11
 386 0088 02       		.byte	0x2
 387 0089 E801     		.2byte	0x1e8
 388 008b 48000000 		.4byte	0x48
 389 008f 02       		.uleb128 0x2
 390 0090 04       		.byte	0x4
 391 0091 04       		.byte	0x4
 392 0092 4E040000 		.4byte	.LASF12
 393 0096 02       		.uleb128 0x2
 394 0097 08       		.byte	0x8
ARM GAS  C:\Users\JANUSD~1\AppData\Local\Temp\ccQUK5vW.s 			page 12


 395 0098 04       		.byte	0x4
 396 0099 06020000 		.4byte	.LASF13
 397 009d 02       		.uleb128 0x2
 398 009e 01       		.byte	0x1
 399 009f 08       		.byte	0x8
 400 00a0 35050000 		.4byte	.LASF14
 401 00a4 05       		.uleb128 0x5
 402 00a5 83000000 		.4byte	0x83
 403 00a9 02       		.uleb128 0x2
 404 00aa 08       		.byte	0x8
 405 00ab 04       		.byte	0x4
 406 00ac C2030000 		.4byte	.LASF15
 407 00b0 02       		.uleb128 0x2
 408 00b1 04       		.byte	0x4
 409 00b2 07       		.byte	0x7
 410 00b3 B9030000 		.4byte	.LASF16
 411 00b7 06       		.uleb128 0x6
 412 00b8 04       		.byte	0x4
 413 00b9 04       		.uleb128 0x4
 414 00ba 71010000 		.4byte	.LASF17
 415 00be 03       		.byte	0x3
 416 00bf 0101     		.2byte	0x101
 417 00c1 77000000 		.4byte	0x77
 418 00c5 04       		.uleb128 0x4
 419 00c6 35010000 		.4byte	.LASF18
 420 00ca 03       		.byte	0x3
 421 00cb 0501     		.2byte	0x105
 422 00cd 6B000000 		.4byte	0x6b
 423 00d1 07       		.uleb128 0x7
 424 00d2 6B000000 		.4byte	0x6b
 425 00d6 E1000000 		.4byte	0xe1
 426 00da 08       		.uleb128 0x8
 427 00db B0000000 		.4byte	0xb0
 428 00df 00       		.byte	0
 429 00e0 00       		.byte	0
 430 00e1 09       		.uleb128 0x9
 431 00e2 10       		.byte	0x10
 432 00e3 04       		.byte	0x4
 433 00e4 CE       		.byte	0xce
 434 00e5 71010000 		.4byte	0x171
 435 00e9 0A       		.uleb128 0xa
 436 00ea EB040000 		.4byte	.LASF19
 437 00ee 04       		.byte	0x4
 438 00ef D3       		.byte	0xd3
 439 00f0 77000000 		.4byte	0x77
 440 00f4 00       		.byte	0
 441 00f5 0A       		.uleb128 0xa
 442 00f6 21060000 		.4byte	.LASF20
 443 00fa 04       		.byte	0x4
 444 00fb D8       		.byte	0xd8
 445 00fc B9000000 		.4byte	0xb9
 446 0100 02       		.byte	0x2
 447 0101 0A       		.uleb128 0xa
 448 0102 59060000 		.4byte	.LASF21
 449 0106 04       		.byte	0x4
 450 0107 DD       		.byte	0xdd
 451 0108 6B000000 		.4byte	0x6b
ARM GAS  C:\Users\JANUSD~1\AppData\Local\Temp\ccQUK5vW.s 			page 13


 452 010c 04       		.byte	0x4
 453 010d 0A       		.uleb128 0xa
 454 010e DB030000 		.4byte	.LASF22
 455 0112 04       		.byte	0x4
 456 0113 E2       		.byte	0xe2
 457 0114 6B000000 		.4byte	0x6b
 458 0118 05       		.byte	0x5
 459 0119 0A       		.uleb128 0xa
 460 011a 7C020000 		.4byte	.LASF23
 461 011e 04       		.byte	0x4
 462 011f E8       		.byte	0xe8
 463 0120 6B000000 		.4byte	0x6b
 464 0124 06       		.byte	0x6
 465 0125 0A       		.uleb128 0xa
 466 0126 41050000 		.4byte	.LASF24
 467 012a 04       		.byte	0x4
 468 012b EE       		.byte	0xee
 469 012c 6B000000 		.4byte	0x6b
 470 0130 07       		.byte	0x7
 471 0131 0A       		.uleb128 0xa
 472 0132 0C030000 		.4byte	.LASF25
 473 0136 04       		.byte	0x4
 474 0137 F5       		.byte	0xf5
 475 0138 C5000000 		.4byte	0xc5
 476 013c 08       		.byte	0x8
 477 013d 0A       		.uleb128 0xa
 478 013e 8B030000 		.4byte	.LASF26
 479 0142 04       		.byte	0x4
 480 0143 FC       		.byte	0xfc
 481 0144 D1000000 		.4byte	0xd1
 482 0148 09       		.byte	0x9
 483 0149 0B       		.uleb128 0xb
 484 014a 3A050000 		.4byte	.LASF27
 485 014e 04       		.byte	0x4
 486 014f 0401     		.2byte	0x104
 487 0151 77000000 		.4byte	0x77
 488 0155 0A       		.byte	0xa
 489 0156 0B       		.uleb128 0xb
 490 0157 E8050000 		.4byte	.LASF28
 491 015b 04       		.byte	0x4
 492 015c 0901     		.2byte	0x109
 493 015e 6B000000 		.4byte	0x6b
 494 0162 0C       		.byte	0xc
 495 0163 0B       		.uleb128 0xb
 496 0164 B7020000 		.4byte	.LASF29
 497 0168 04       		.byte	0x4
 498 0169 0E01     		.2byte	0x10e
 499 016b 71010000 		.4byte	0x171
 500 016f 0E       		.byte	0xe
 501 0170 00       		.byte	0
 502 0171 07       		.uleb128 0x7
 503 0172 77000000 		.4byte	0x77
 504 0176 81010000 		.4byte	0x181
 505 017a 08       		.uleb128 0x8
 506 017b B0000000 		.4byte	0xb0
 507 017f 00       		.byte	0
 508 0180 00       		.byte	0
ARM GAS  C:\Users\JANUSD~1\AppData\Local\Temp\ccQUK5vW.s 			page 14


 509 0181 04       		.uleb128 0x4
 510 0182 93030000 		.4byte	.LASF30
 511 0186 04       		.byte	0x4
 512 0187 0F01     		.2byte	0x10f
 513 0189 E1000000 		.4byte	0xe1
 514 018d 0C       		.uleb128 0xc
 515 018e 10       		.byte	0x10
 516 018f 04       		.byte	0x4
 517 0190 1501     		.2byte	0x115
 518 0192 A4010000 		.4byte	0x1a4
 519 0196 0B       		.uleb128 0xb
 520 0197 F5050000 		.4byte	.LASF31
 521 019b 04       		.byte	0x4
 522 019c 1A01     		.2byte	0x11a
 523 019e 81010000 		.4byte	0x181
 524 01a2 00       		.byte	0
 525 01a3 00       		.byte	0
 526 01a4 04       		.uleb128 0x4
 527 01a5 2A060000 		.4byte	.LASF32
 528 01a9 04       		.byte	0x4
 529 01aa 1B01     		.2byte	0x11b
 530 01ac 8D010000 		.4byte	0x18d
 531 01b0 0C       		.uleb128 0xc
 532 01b1 0A       		.byte	0xa
 533 01b2 04       		.byte	0x4
 534 01b3 2101     		.2byte	0x121
 535 01b5 FB010000 		.4byte	0x1fb
 536 01b9 0D       		.uleb128 0xd
 537 01ba 72617700 		.ascii	"raw\000"
 538 01be 04       		.byte	0x4
 539 01bf 2601     		.2byte	0x126
 540 01c1 71010000 		.4byte	0x171
 541 01c5 00       		.byte	0
 542 01c6 0B       		.uleb128 0xb
 543 01c7 A5020000 		.4byte	.LASF33
 544 01cb 04       		.byte	0x4
 545 01cc 2B01     		.2byte	0x12b
 546 01ce 71010000 		.4byte	0x171
 547 01d2 02       		.byte	0x2
 548 01d3 0B       		.uleb128 0xb
 549 01d4 87020000 		.4byte	.LASF34
 550 01d8 04       		.byte	0x4
 551 01d9 3101     		.2byte	0x131
 552 01db D1000000 		.4byte	0xd1
 553 01df 04       		.byte	0x4
 554 01e0 0B       		.uleb128 0xb
 555 01e1 30010000 		.4byte	.LASF35
 556 01e5 04       		.byte	0x4
 557 01e6 3601     		.2byte	0x136
 558 01e8 B9000000 		.4byte	0xb9
 559 01ec 06       		.byte	0x6
 560 01ed 0B       		.uleb128 0xb
 561 01ee 5B050000 		.4byte	.LASF36
 562 01f2 04       		.byte	0x4
 563 01f3 3B01     		.2byte	0x13b
 564 01f5 FB010000 		.4byte	0x1fb
 565 01f9 08       		.byte	0x8
ARM GAS  C:\Users\JANUSD~1\AppData\Local\Temp\ccQUK5vW.s 			page 15


 566 01fa 00       		.byte	0
 567 01fb 07       		.uleb128 0x7
 568 01fc C5000000 		.4byte	0xc5
 569 0200 0B020000 		.4byte	0x20b
 570 0204 08       		.uleb128 0x8
 571 0205 B0000000 		.4byte	0xb0
 572 0209 00       		.byte	0
 573 020a 00       		.byte	0
 574 020b 04       		.uleb128 0x4
 575 020c E2000000 		.4byte	.LASF37
 576 0210 04       		.byte	0x4
 577 0211 3C01     		.2byte	0x13c
 578 0213 B0010000 		.4byte	0x1b0
 579 0217 0C       		.uleb128 0xc
 580 0218 32       		.byte	0x32
 581 0219 04       		.byte	0x4
 582 021a 4201     		.2byte	0x142
 583 021c 2E020000 		.4byte	0x22e
 584 0220 0B       		.uleb128 0xb
 585 0221 F5050000 		.4byte	.LASF31
 586 0225 04       		.byte	0x4
 587 0226 4701     		.2byte	0x147
 588 0228 2E020000 		.4byte	0x22e
 589 022c 00       		.byte	0
 590 022d 00       		.byte	0
 591 022e 07       		.uleb128 0x7
 592 022f 0B020000 		.4byte	0x20b
 593 0233 3E020000 		.4byte	0x23e
 594 0237 08       		.uleb128 0x8
 595 0238 B0000000 		.4byte	0xb0
 596 023c 04       		.byte	0x4
 597 023d 00       		.byte	0
 598 023e 04       		.uleb128 0x4
 599 023f 54040000 		.4byte	.LASF38
 600 0243 04       		.byte	0x4
 601 0244 4801     		.2byte	0x148
 602 0246 17020000 		.4byte	0x217
 603 024a 0C       		.uleb128 0xc
 604 024b 68       		.byte	0x68
 605 024c 04       		.byte	0x4
 606 024d 4E01     		.2byte	0x14e
 607 024f 31030000 		.4byte	0x331
 608 0253 0B       		.uleb128 0xb
 609 0254 3C030000 		.4byte	.LASF39
 610 0258 04       		.byte	0x4
 611 0259 5501     		.2byte	0x155
 612 025b 77000000 		.4byte	0x77
 613 025f 00       		.byte	0
 614 0260 0B       		.uleb128 0xb
 615 0261 79030000 		.4byte	.LASF40
 616 0265 04       		.byte	0x4
 617 0266 5A01     		.2byte	0x15a
 618 0268 77000000 		.4byte	0x77
 619 026c 02       		.byte	0x2
 620 026d 0B       		.uleb128 0xb
 621 026e 05040000 		.4byte	.LASF41
 622 0272 04       		.byte	0x4
ARM GAS  C:\Users\JANUSD~1\AppData\Local\Temp\ccQUK5vW.s 			page 16


 623 0273 5F01     		.2byte	0x15f
 624 0275 77000000 		.4byte	0x77
 625 0279 04       		.byte	0x4
 626 027a 0B       		.uleb128 0xb
 627 027b 45040000 		.4byte	.LASF42
 628 027f 04       		.byte	0x4
 629 0280 6501     		.2byte	0x165
 630 0282 77000000 		.4byte	0x77
 631 0286 06       		.byte	0x6
 632 0287 0B       		.uleb128 0xb
 633 0288 2A040000 		.4byte	.LASF43
 634 028c 04       		.byte	0x4
 635 028d 6A01     		.2byte	0x16a
 636 028f 77000000 		.4byte	0x77
 637 0293 08       		.byte	0x8
 638 0294 0B       		.uleb128 0xb
 639 0295 A4050000 		.4byte	.LASF44
 640 0299 04       		.byte	0x4
 641 029a 6F01     		.2byte	0x16f
 642 029c A4000000 		.4byte	0xa4
 643 02a0 0C       		.byte	0xc
 644 02a1 0B       		.uleb128 0xb
 645 02a2 EA020000 		.4byte	.LASF45
 646 02a6 04       		.byte	0x4
 647 02a7 7501     		.2byte	0x175
 648 02a9 31030000 		.4byte	0x331
 649 02ad 10       		.byte	0x10
 650 02ae 0B       		.uleb128 0xb
 651 02af 9A020000 		.4byte	.LASF46
 652 02b3 04       		.byte	0x4
 653 02b4 7C01     		.2byte	0x17c
 654 02b6 31030000 		.4byte	0x331
 655 02ba 14       		.byte	0x14
 656 02bb 0B       		.uleb128 0xb
 657 02bc CC010000 		.4byte	.LASF47
 658 02c0 04       		.byte	0x4
 659 02c1 8C01     		.2byte	0x18c
 660 02c3 D1000000 		.4byte	0xd1
 661 02c7 18       		.byte	0x18
 662 02c8 0B       		.uleb128 0xb
 663 02c9 E4030000 		.4byte	.LASF48
 664 02cd 04       		.byte	0x4
 665 02ce 9201     		.2byte	0x192
 666 02d0 77000000 		.4byte	0x77
 667 02d4 1A       		.byte	0x1a
 668 02d5 0B       		.uleb128 0xb
 669 02d6 DF010000 		.4byte	.LASF49
 670 02da 04       		.byte	0x4
 671 02db 9701     		.2byte	0x197
 672 02dd 6B000000 		.4byte	0x6b
 673 02e1 1C       		.byte	0x1c
 674 02e2 0B       		.uleb128 0xb
 675 02e3 F6040000 		.4byte	.LASF50
 676 02e7 04       		.byte	0x4
 677 02e8 9C01     		.2byte	0x19c
 678 02ea A4010000 		.4byte	0x1a4
 679 02ee 1E       		.byte	0x1e
ARM GAS  C:\Users\JANUSD~1\AppData\Local\Temp\ccQUK5vW.s 			page 17


 680 02ef 0B       		.uleb128 0xb
 681 02f0 34030000 		.4byte	.LASF51
 682 02f4 04       		.byte	0x4
 683 02f5 A101     		.2byte	0x1a1
 684 02f7 3E020000 		.4byte	0x23e
 685 02fb 2E       		.byte	0x2e
 686 02fc 0B       		.uleb128 0xb
 687 02fd C0020000 		.4byte	.LASF52
 688 0301 04       		.byte	0x4
 689 0302 A601     		.2byte	0x1a6
 690 0304 6B000000 		.4byte	0x6b
 691 0308 60       		.byte	0x60
 692 0309 0B       		.uleb128 0xb
 693 030a 50010000 		.4byte	.LASF53
 694 030e 04       		.byte	0x4
 695 030f AB01     		.2byte	0x1ab
 696 0311 6B000000 		.4byte	0x6b
 697 0315 61       		.byte	0x61
 698 0316 0B       		.uleb128 0xb
 699 0317 46060000 		.4byte	.LASF54
 700 031b 04       		.byte	0x4
 701 031c B001     		.2byte	0x1b0
 702 031e 77000000 		.4byte	0x77
 703 0322 62       		.byte	0x62
 704 0323 0B       		.uleb128 0xb
 705 0324 0D020000 		.4byte	.LASF55
 706 0328 04       		.byte	0x4
 707 0329 B501     		.2byte	0x1b5
 708 032b 71010000 		.4byte	0x171
 709 032f 64       		.byte	0x64
 710 0330 00       		.byte	0
 711 0331 07       		.uleb128 0x7
 712 0332 83000000 		.4byte	0x83
 713 0336 41030000 		.4byte	0x341
 714 033a 08       		.uleb128 0x8
 715 033b B0000000 		.4byte	0xb0
 716 033f 00       		.byte	0
 717 0340 00       		.byte	0
 718 0341 04       		.uleb128 0x4
 719 0342 71040000 		.4byte	.LASF56
 720 0346 04       		.byte	0x4
 721 0347 B601     		.2byte	0x1b6
 722 0349 4A020000 		.4byte	0x24a
 723 034d 0C       		.uleb128 0xc
 724 034e 2C       		.byte	0x2c
 725 034f 04       		.byte	0x4
 726 0350 1D02     		.2byte	0x21d
 727 0352 00040000 		.4byte	0x400
 728 0356 0B       		.uleb128 0xb
 729 0357 23010000 		.4byte	.LASF57
 730 035b 04       		.byte	0x4
 731 035c 2602     		.2byte	0x226
 732 035e 00040000 		.4byte	0x400
 733 0362 00       		.byte	0
 734 0363 0B       		.uleb128 0xb
 735 0364 6D030000 		.4byte	.LASF58
 736 0368 04       		.byte	0x4
ARM GAS  C:\Users\JANUSD~1\AppData\Local\Temp\ccQUK5vW.s 			page 18


 737 0369 2D02     		.2byte	0x22d
 738 036b B7000000 		.4byte	0xb7
 739 036f 04       		.byte	0x4
 740 0370 0B       		.uleb128 0xb
 741 0371 E9010000 		.4byte	.LASF59
 742 0375 04       		.byte	0x4
 743 0376 3302     		.2byte	0x233
 744 0378 07040000 		.4byte	0x407
 745 037c 08       		.byte	0x8
 746 037d 0B       		.uleb128 0xb
 747 037e CF040000 		.4byte	.LASF60
 748 0382 04       		.byte	0x4
 749 0383 3902     		.2byte	0x239
 750 0385 B7000000 		.4byte	0xb7
 751 0389 0C       		.byte	0xc
 752 038a 0B       		.uleb128 0xb
 753 038b 75050000 		.4byte	.LASF61
 754 038f 04       		.byte	0x4
 755 0390 4002     		.2byte	0x240
 756 0392 0D040000 		.4byte	0x40d
 757 0396 10       		.byte	0x10
 758 0397 0B       		.uleb128 0xb
 759 0398 CE030000 		.4byte	.LASF62
 760 039c 04       		.byte	0x4
 761 039d 4502     		.2byte	0x245
 762 039f 83000000 		.4byte	0x83
 763 03a3 14       		.byte	0x14
 764 03a4 0B       		.uleb128 0xb
 765 03a5 69050000 		.4byte	.LASF63
 766 03a9 04       		.byte	0x4
 767 03aa 4C02     		.2byte	0x24c
 768 03ac 77000000 		.4byte	0x77
 769 03b0 18       		.byte	0x18
 770 03b1 0B       		.uleb128 0xb
 771 03b2 0D040000 		.4byte	.LASF64
 772 03b6 04       		.byte	0x4
 773 03b7 5302     		.2byte	0x253
 774 03b9 6B000000 		.4byte	0x6b
 775 03bd 1A       		.byte	0x1a
 776 03be 0B       		.uleb128 0xb
 777 03bf B1030000 		.4byte	.LASF65
 778 03c3 04       		.byte	0x4
 779 03c4 5D02     		.2byte	0x25d
 780 03c6 6B000000 		.4byte	0x6b
 781 03ca 1B       		.byte	0x1b
 782 03cb 0B       		.uleb128 0xb
 783 03cc FA010000 		.4byte	.LASF66
 784 03d0 04       		.byte	0x4
 785 03d1 6202     		.2byte	0x262
 786 03d3 77000000 		.4byte	0x77
 787 03d7 1C       		.byte	0x1c
 788 03d8 0B       		.uleb128 0xb
 789 03d9 16040000 		.4byte	.LASF67
 790 03dd 04       		.byte	0x4
 791 03de 6B02     		.2byte	0x26b
 792 03e0 83000000 		.4byte	0x83
 793 03e4 20       		.byte	0x20
ARM GAS  C:\Users\JANUSD~1\AppData\Local\Temp\ccQUK5vW.s 			page 19


 794 03e5 0B       		.uleb128 0xb
 795 03e6 07000000 		.4byte	.LASF68
 796 03ea 04       		.byte	0x4
 797 03eb 7202     		.2byte	0x272
 798 03ed B7000000 		.4byte	0xb7
 799 03f1 24       		.byte	0x24
 800 03f2 0B       		.uleb128 0xb
 801 03f3 45000000 		.4byte	.LASF69
 802 03f7 04       		.byte	0x4
 803 03f8 7702     		.2byte	0x277
 804 03fa 6B000000 		.4byte	0x6b
 805 03fe 28       		.byte	0x28
 806 03ff 00       		.byte	0
 807 0400 0E       		.uleb128 0xe
 808 0401 04       		.byte	0x4
 809 0402 06040000 		.4byte	0x406
 810 0406 0F       		.uleb128 0xf
 811 0407 0E       		.uleb128 0xe
 812 0408 04       		.byte	0x4
 813 0409 0B020000 		.4byte	0x20b
 814 040d 0E       		.uleb128 0xe
 815 040e 04       		.byte	0x4
 816 040f 6B000000 		.4byte	0x6b
 817 0413 04       		.uleb128 0x4
 818 0414 2C000000 		.4byte	.LASF70
 819 0418 04       		.byte	0x4
 820 0419 7802     		.2byte	0x278
 821 041b 4D030000 		.4byte	0x34d
 822 041f 0C       		.uleb128 0xc
 823 0420 2C       		.byte	0x2c
 824 0421 04       		.byte	0x4
 825 0422 7E02     		.2byte	0x27e
 826 0424 36040000 		.4byte	0x436
 827 0428 0B       		.uleb128 0xb
 828 0429 AB050000 		.4byte	.LASF71
 829 042d 04       		.byte	0x4
 830 042e 8302     		.2byte	0x283
 831 0430 36040000 		.4byte	0x436
 832 0434 00       		.byte	0
 833 0435 00       		.byte	0
 834 0436 07       		.uleb128 0x7
 835 0437 13040000 		.4byte	0x413
 836 043b 46040000 		.4byte	0x446
 837 043f 08       		.uleb128 0x8
 838 0440 B0000000 		.4byte	0xb0
 839 0444 00       		.byte	0
 840 0445 00       		.byte	0
 841 0446 04       		.uleb128 0x4
 842 0447 85050000 		.4byte	.LASF72
 843 044b 04       		.byte	0x4
 844 044c 8402     		.2byte	0x284
 845 044e 1F040000 		.4byte	0x41f
 846 0452 10       		.uleb128 0x10
 847 0453 01       		.byte	0x1
 848 0454 2C000000 		.4byte	0x2c
 849 0458 05       		.byte	0x5
 850 0459 2E       		.byte	0x2e
ARM GAS  C:\Users\JANUSD~1\AppData\Local\Temp\ccQUK5vW.s 			page 20


 851 045a 89040000 		.4byte	0x489
 852 045e 11       		.uleb128 0x11
 853 045f 1E050000 		.4byte	.LASF73
 854 0463 00       		.byte	0
 855 0464 11       		.uleb128 0x11
 856 0465 B2010000 		.4byte	.LASF74
 857 0469 01       		.byte	0x1
 858 046a 11       		.uleb128 0x11
 859 046b CF050000 		.4byte	.LASF75
 860 046f 02       		.byte	0x2
 861 0470 11       		.uleb128 0x11
 862 0471 B5050000 		.4byte	.LASF76
 863 0475 03       		.byte	0x3
 864 0476 11       		.uleb128 0x11
 865 0477 FF040000 		.4byte	.LASF77
 866 047b 04       		.byte	0x4
 867 047c 11       		.uleb128 0x11
 868 047d 93040000 		.4byte	.LASF78
 869 0481 05       		.byte	0x5
 870 0482 11       		.uleb128 0x11
 871 0483 B4040000 		.4byte	.LASF79
 872 0487 06       		.byte	0x6
 873 0488 00       		.byte	0
 874 0489 12       		.uleb128 0x12
 875 048a 0C060000 		.4byte	.LASF80
 876 048e 05       		.byte	0x5
 877 048f 36       		.byte	0x36
 878 0490 52040000 		.4byte	0x452
 879 0494 13       		.uleb128 0x13
 880 0495 EF030000 		.4byte	.LASF98
 881 0499 01       		.byte	0x1
 882 049a 44       		.byte	0x44
 883 049b 00000000 		.4byte	.LFB2
 884 049f 14000000 		.4byte	.LFE2-.LFB2
 885 04a3 01       		.uleb128 0x1
 886 04a4 9C       		.byte	0x9c
 887 04a5 B5040000 		.4byte	0x4b5
 888 04a9 14       		.uleb128 0x14
 889 04aa 03060000 		.4byte	.LASF87
 890 04ae 01       		.byte	0x1
 891 04af 46       		.byte	0x46
 892 04b0 B5040000 		.4byte	0x4b5
 893 04b4 00       		.byte	0
 894 04b5 0E       		.uleb128 0xe
 895 04b6 04       		.byte	0x4
 896 04b7 BB040000 		.4byte	0x4bb
 897 04bb 05       		.uleb128 0x5
 898 04bc 41030000 		.4byte	0x341
 899 04c0 15       		.uleb128 0x15
 900 04c1 11010000 		.4byte	.LASF99
 901 04c5 01       		.byte	0x1
 902 04c6 73       		.byte	0x73
 903 04c7 83000000 		.4byte	0x83
 904 04cb 00000000 		.4byte	.LFB3
 905 04cf 14010000 		.4byte	.LFE3-.LFB3
 906 04d3 01       		.uleb128 0x1
 907 04d4 9C       		.byte	0x9c
ARM GAS  C:\Users\JANUSD~1\AppData\Local\Temp\ccQUK5vW.s 			page 21


 908 04d5 8D050000 		.4byte	0x58d
 909 04d9 16       		.uleb128 0x16
 910 04da A3010000 		.4byte	.LASF81
 911 04de 01       		.byte	0x1
 912 04df 75       		.byte	0x75
 913 04e0 6B000000 		.4byte	0x6b
 914 04e4 00000000 		.4byte	.LLST0
 915 04e8 16       		.uleb128 0x16
 916 04e9 82030000 		.4byte	.LASF82
 917 04ed 01       		.byte	0x1
 918 04ee 76       		.byte	0x76
 919 04ef 83000000 		.4byte	0x83
 920 04f3 29000000 		.4byte	.LLST1
 921 04f7 16       		.uleb128 0x16
 922 04f8 1D020000 		.4byte	.LASF83
 923 04fc 01       		.byte	0x1
 924 04fd 77       		.byte	0x77
 925 04fe 83000000 		.4byte	0x83
 926 0502 3C000000 		.4byte	.LLST2
 927 0506 16       		.uleb128 0x16
 928 0507 8F020000 		.4byte	.LASF84
 929 050b 01       		.byte	0x1
 930 050c 78       		.byte	0x78
 931 050d 83000000 		.4byte	0x83
 932 0511 4F000000 		.4byte	.LLST3
 933 0515 16       		.uleb128 0x16
 934 0516 D0020000 		.4byte	.LASF85
 935 051a 01       		.byte	0x1
 936 051b 79       		.byte	0x79
 937 051c 89040000 		.4byte	0x489
 938 0520 0F010000 		.4byte	.LLST4
 939 0524 16       		.uleb128 0x16
 940 0525 DF040000 		.4byte	.LASF86
 941 0529 01       		.byte	0x1
 942 052a 7A       		.byte	0x7a
 943 052b 83000000 		.4byte	0x83
 944 052f 22010000 		.4byte	.LLST5
 945 0533 14       		.uleb128 0x14
 946 0534 03060000 		.4byte	.LASF87
 947 0538 01       		.byte	0x1
 948 0539 7C       		.byte	0x7c
 949 053a B5040000 		.4byte	0x4b5
 950 053e 16       		.uleb128 0x16
 951 053f 17030000 		.4byte	.LASF88
 952 0543 01       		.byte	0x1
 953 0544 7D       		.byte	0x7d
 954 0545 8D050000 		.4byte	0x58d
 955 0549 63010000 		.4byte	.LLST6
 956 054d 17       		.uleb128 0x17
 957 054e 12000000 		.4byte	.LVL3
 958 0552 C6050000 		.4byte	0x5c6
 959 0556 17       		.uleb128 0x17
 960 0557 1C000000 		.4byte	.LVL4
 961 055b D1050000 		.4byte	0x5d1
 962 055f 17       		.uleb128 0x17
 963 0560 46000000 		.4byte	.LVL10
 964 0564 DC050000 		.4byte	0x5dc
ARM GAS  C:\Users\JANUSD~1\AppData\Local\Temp\ccQUK5vW.s 			page 22


 965 0568 17       		.uleb128 0x17
 966 0569 76000000 		.4byte	.LVL19
 967 056d C6050000 		.4byte	0x5c6
 968 0571 17       		.uleb128 0x17
 969 0572 90000000 		.4byte	.LVL20
 970 0576 D1050000 		.4byte	0x5d1
 971 057a 17       		.uleb128 0x17
 972 057b E4000000 		.4byte	.LVL29
 973 057f C6050000 		.4byte	0x5c6
 974 0583 17       		.uleb128 0x17
 975 0584 FA000000 		.4byte	.LVL30
 976 0588 D1050000 		.4byte	0x5d1
 977 058c 00       		.byte	0
 978 058d 0E       		.uleb128 0xe
 979 058e 04       		.byte	0x4
 980 058f 93050000 		.4byte	0x593
 981 0593 05       		.uleb128 0x5
 982 0594 0B020000 		.4byte	0x20b
 983 0598 18       		.uleb128 0x18
 984 0599 9B050000 		.4byte	.LASF89
 985 059d 01       		.byte	0x1
 986 059e 35       		.byte	0x35
 987 059f 83000000 		.4byte	0x83
 988 05a3 05       		.uleb128 0x5
 989 05a4 03       		.byte	0x3
 990 05a5 00000000 		.4byte	tunerFsm
 991 05a9 19       		.uleb128 0x19
 992 05aa 36040000 		.4byte	.LASF90
 993 05ae 04       		.byte	0x4
 994 05af 1804     		.2byte	0x418
 995 05b1 41030000 		.4byte	0x341
 996 05b5 19       		.uleb128 0x19
 997 05b6 60010000 		.4byte	.LASF91
 998 05ba 04       		.byte	0x4
 999 05bb 1904     		.2byte	0x419
 1000 05bd C1050000 		.4byte	0x5c1
 1001 05c1 1A       		.uleb128 0x1a
 1002 05c2 46040000 		.4byte	0x446
 1003 05c6 1B       		.uleb128 0x1b
 1004 05c7 F5020000 		.4byte	.LASF92
 1005 05cb F5020000 		.4byte	.LASF92
 1006 05cf 06       		.byte	0x6
 1007 05d0 E5       		.byte	0xe5
 1008 05d1 1B       		.uleb128 0x1b
 1009 05d2 16000000 		.4byte	.LASF93
 1010 05d6 16000000 		.4byte	.LASF93
 1011 05da 06       		.byte	0x6
 1012 05db E6       		.byte	0xe6
 1013 05dc 1B       		.uleb128 0x1b
 1014 05dd 4C050000 		.4byte	.LASF94
 1015 05e1 4C050000 		.4byte	.LASF94
 1016 05e5 07       		.byte	0x7
 1017 05e6 3B       		.byte	0x3b
 1018 05e7 00       		.byte	0
 1019              		.section	.debug_abbrev,"",%progbits
 1020              	.Ldebug_abbrev0:
 1021 0000 01       		.uleb128 0x1
ARM GAS  C:\Users\JANUSD~1\AppData\Local\Temp\ccQUK5vW.s 			page 23


 1022 0001 11       		.uleb128 0x11
 1023 0002 01       		.byte	0x1
 1024 0003 25       		.uleb128 0x25
 1025 0004 0E       		.uleb128 0xe
 1026 0005 13       		.uleb128 0x13
 1027 0006 0B       		.uleb128 0xb
 1028 0007 03       		.uleb128 0x3
 1029 0008 0E       		.uleb128 0xe
 1030 0009 1B       		.uleb128 0x1b
 1031 000a 0E       		.uleb128 0xe
 1032 000b 55       		.uleb128 0x55
 1033 000c 17       		.uleb128 0x17
 1034 000d 11       		.uleb128 0x11
 1035 000e 01       		.uleb128 0x1
 1036 000f 10       		.uleb128 0x10
 1037 0010 17       		.uleb128 0x17
 1038 0011 00       		.byte	0
 1039 0012 00       		.byte	0
 1040 0013 02       		.uleb128 0x2
 1041 0014 24       		.uleb128 0x24
 1042 0015 00       		.byte	0
 1043 0016 0B       		.uleb128 0xb
 1044 0017 0B       		.uleb128 0xb
 1045 0018 3E       		.uleb128 0x3e
 1046 0019 0B       		.uleb128 0xb
 1047 001a 03       		.uleb128 0x3
 1048 001b 0E       		.uleb128 0xe
 1049 001c 00       		.byte	0
 1050 001d 00       		.byte	0
 1051 001e 03       		.uleb128 0x3
 1052 001f 24       		.uleb128 0x24
 1053 0020 00       		.byte	0
 1054 0021 0B       		.uleb128 0xb
 1055 0022 0B       		.uleb128 0xb
 1056 0023 3E       		.uleb128 0x3e
 1057 0024 0B       		.uleb128 0xb
 1058 0025 03       		.uleb128 0x3
 1059 0026 08       		.uleb128 0x8
 1060 0027 00       		.byte	0
 1061 0028 00       		.byte	0
 1062 0029 04       		.uleb128 0x4
 1063 002a 16       		.uleb128 0x16
 1064 002b 00       		.byte	0
 1065 002c 03       		.uleb128 0x3
 1066 002d 0E       		.uleb128 0xe
 1067 002e 3A       		.uleb128 0x3a
 1068 002f 0B       		.uleb128 0xb
 1069 0030 3B       		.uleb128 0x3b
 1070 0031 05       		.uleb128 0x5
 1071 0032 49       		.uleb128 0x49
 1072 0033 13       		.uleb128 0x13
 1073 0034 00       		.byte	0
 1074 0035 00       		.byte	0
 1075 0036 05       		.uleb128 0x5
 1076 0037 35       		.uleb128 0x35
 1077 0038 00       		.byte	0
 1078 0039 49       		.uleb128 0x49
ARM GAS  C:\Users\JANUSD~1\AppData\Local\Temp\ccQUK5vW.s 			page 24


 1079 003a 13       		.uleb128 0x13
 1080 003b 00       		.byte	0
 1081 003c 00       		.byte	0
 1082 003d 06       		.uleb128 0x6
 1083 003e 0F       		.uleb128 0xf
 1084 003f 00       		.byte	0
 1085 0040 0B       		.uleb128 0xb
 1086 0041 0B       		.uleb128 0xb
 1087 0042 00       		.byte	0
 1088 0043 00       		.byte	0
 1089 0044 07       		.uleb128 0x7
 1090 0045 01       		.uleb128 0x1
 1091 0046 01       		.byte	0x1
 1092 0047 49       		.uleb128 0x49
 1093 0048 13       		.uleb128 0x13
 1094 0049 01       		.uleb128 0x1
 1095 004a 13       		.uleb128 0x13
 1096 004b 00       		.byte	0
 1097 004c 00       		.byte	0
 1098 004d 08       		.uleb128 0x8
 1099 004e 21       		.uleb128 0x21
 1100 004f 00       		.byte	0
 1101 0050 49       		.uleb128 0x49
 1102 0051 13       		.uleb128 0x13
 1103 0052 2F       		.uleb128 0x2f
 1104 0053 0B       		.uleb128 0xb
 1105 0054 00       		.byte	0
 1106 0055 00       		.byte	0
 1107 0056 09       		.uleb128 0x9
 1108 0057 13       		.uleb128 0x13
 1109 0058 01       		.byte	0x1
 1110 0059 0B       		.uleb128 0xb
 1111 005a 0B       		.uleb128 0xb
 1112 005b 3A       		.uleb128 0x3a
 1113 005c 0B       		.uleb128 0xb
 1114 005d 3B       		.uleb128 0x3b
 1115 005e 0B       		.uleb128 0xb
 1116 005f 01       		.uleb128 0x1
 1117 0060 13       		.uleb128 0x13
 1118 0061 00       		.byte	0
 1119 0062 00       		.byte	0
 1120 0063 0A       		.uleb128 0xa
 1121 0064 0D       		.uleb128 0xd
 1122 0065 00       		.byte	0
 1123 0066 03       		.uleb128 0x3
 1124 0067 0E       		.uleb128 0xe
 1125 0068 3A       		.uleb128 0x3a
 1126 0069 0B       		.uleb128 0xb
 1127 006a 3B       		.uleb128 0x3b
 1128 006b 0B       		.uleb128 0xb
 1129 006c 49       		.uleb128 0x49
 1130 006d 13       		.uleb128 0x13
 1131 006e 38       		.uleb128 0x38
 1132 006f 0B       		.uleb128 0xb
 1133 0070 00       		.byte	0
 1134 0071 00       		.byte	0
 1135 0072 0B       		.uleb128 0xb
ARM GAS  C:\Users\JANUSD~1\AppData\Local\Temp\ccQUK5vW.s 			page 25


 1136 0073 0D       		.uleb128 0xd
 1137 0074 00       		.byte	0
 1138 0075 03       		.uleb128 0x3
 1139 0076 0E       		.uleb128 0xe
 1140 0077 3A       		.uleb128 0x3a
 1141 0078 0B       		.uleb128 0xb
 1142 0079 3B       		.uleb128 0x3b
 1143 007a 05       		.uleb128 0x5
 1144 007b 49       		.uleb128 0x49
 1145 007c 13       		.uleb128 0x13
 1146 007d 38       		.uleb128 0x38
 1147 007e 0B       		.uleb128 0xb
 1148 007f 00       		.byte	0
 1149 0080 00       		.byte	0
 1150 0081 0C       		.uleb128 0xc
 1151 0082 13       		.uleb128 0x13
 1152 0083 01       		.byte	0x1
 1153 0084 0B       		.uleb128 0xb
 1154 0085 0B       		.uleb128 0xb
 1155 0086 3A       		.uleb128 0x3a
 1156 0087 0B       		.uleb128 0xb
 1157 0088 3B       		.uleb128 0x3b
 1158 0089 05       		.uleb128 0x5
 1159 008a 01       		.uleb128 0x1
 1160 008b 13       		.uleb128 0x13
 1161 008c 00       		.byte	0
 1162 008d 00       		.byte	0
 1163 008e 0D       		.uleb128 0xd
 1164 008f 0D       		.uleb128 0xd
 1165 0090 00       		.byte	0
 1166 0091 03       		.uleb128 0x3
 1167 0092 08       		.uleb128 0x8
 1168 0093 3A       		.uleb128 0x3a
 1169 0094 0B       		.uleb128 0xb
 1170 0095 3B       		.uleb128 0x3b
 1171 0096 05       		.uleb128 0x5
 1172 0097 49       		.uleb128 0x49
 1173 0098 13       		.uleb128 0x13
 1174 0099 38       		.uleb128 0x38
 1175 009a 0B       		.uleb128 0xb
 1176 009b 00       		.byte	0
 1177 009c 00       		.byte	0
 1178 009d 0E       		.uleb128 0xe
 1179 009e 0F       		.uleb128 0xf
 1180 009f 00       		.byte	0
 1181 00a0 0B       		.uleb128 0xb
 1182 00a1 0B       		.uleb128 0xb
 1183 00a2 49       		.uleb128 0x49
 1184 00a3 13       		.uleb128 0x13
 1185 00a4 00       		.byte	0
 1186 00a5 00       		.byte	0
 1187 00a6 0F       		.uleb128 0xf
 1188 00a7 26       		.uleb128 0x26
 1189 00a8 00       		.byte	0
 1190 00a9 00       		.byte	0
 1191 00aa 00       		.byte	0
 1192 00ab 10       		.uleb128 0x10
ARM GAS  C:\Users\JANUSD~1\AppData\Local\Temp\ccQUK5vW.s 			page 26


 1193 00ac 04       		.uleb128 0x4
 1194 00ad 01       		.byte	0x1
 1195 00ae 0B       		.uleb128 0xb
 1196 00af 0B       		.uleb128 0xb
 1197 00b0 49       		.uleb128 0x49
 1198 00b1 13       		.uleb128 0x13
 1199 00b2 3A       		.uleb128 0x3a
 1200 00b3 0B       		.uleb128 0xb
 1201 00b4 3B       		.uleb128 0x3b
 1202 00b5 0B       		.uleb128 0xb
 1203 00b6 01       		.uleb128 0x1
 1204 00b7 13       		.uleb128 0x13
 1205 00b8 00       		.byte	0
 1206 00b9 00       		.byte	0
 1207 00ba 11       		.uleb128 0x11
 1208 00bb 28       		.uleb128 0x28
 1209 00bc 00       		.byte	0
 1210 00bd 03       		.uleb128 0x3
 1211 00be 0E       		.uleb128 0xe
 1212 00bf 1C       		.uleb128 0x1c
 1213 00c0 0B       		.uleb128 0xb
 1214 00c1 00       		.byte	0
 1215 00c2 00       		.byte	0
 1216 00c3 12       		.uleb128 0x12
 1217 00c4 16       		.uleb128 0x16
 1218 00c5 00       		.byte	0
 1219 00c6 03       		.uleb128 0x3
 1220 00c7 0E       		.uleb128 0xe
 1221 00c8 3A       		.uleb128 0x3a
 1222 00c9 0B       		.uleb128 0xb
 1223 00ca 3B       		.uleb128 0x3b
 1224 00cb 0B       		.uleb128 0xb
 1225 00cc 49       		.uleb128 0x49
 1226 00cd 13       		.uleb128 0x13
 1227 00ce 00       		.byte	0
 1228 00cf 00       		.byte	0
 1229 00d0 13       		.uleb128 0x13
 1230 00d1 2E       		.uleb128 0x2e
 1231 00d2 01       		.byte	0x1
 1232 00d3 3F       		.uleb128 0x3f
 1233 00d4 19       		.uleb128 0x19
 1234 00d5 03       		.uleb128 0x3
 1235 00d6 0E       		.uleb128 0xe
 1236 00d7 3A       		.uleb128 0x3a
 1237 00d8 0B       		.uleb128 0xb
 1238 00d9 3B       		.uleb128 0x3b
 1239 00da 0B       		.uleb128 0xb
 1240 00db 27       		.uleb128 0x27
 1241 00dc 19       		.uleb128 0x19
 1242 00dd 11       		.uleb128 0x11
 1243 00de 01       		.uleb128 0x1
 1244 00df 12       		.uleb128 0x12
 1245 00e0 06       		.uleb128 0x6
 1246 00e1 40       		.uleb128 0x40
 1247 00e2 18       		.uleb128 0x18
 1248 00e3 9742     		.uleb128 0x2117
 1249 00e5 19       		.uleb128 0x19
ARM GAS  C:\Users\JANUSD~1\AppData\Local\Temp\ccQUK5vW.s 			page 27


 1250 00e6 01       		.uleb128 0x1
 1251 00e7 13       		.uleb128 0x13
 1252 00e8 00       		.byte	0
 1253 00e9 00       		.byte	0
 1254 00ea 14       		.uleb128 0x14
 1255 00eb 34       		.uleb128 0x34
 1256 00ec 00       		.byte	0
 1257 00ed 03       		.uleb128 0x3
 1258 00ee 0E       		.uleb128 0xe
 1259 00ef 3A       		.uleb128 0x3a
 1260 00f0 0B       		.uleb128 0xb
 1261 00f1 3B       		.uleb128 0x3b
 1262 00f2 0B       		.uleb128 0xb
 1263 00f3 49       		.uleb128 0x49
 1264 00f4 13       		.uleb128 0x13
 1265 00f5 00       		.byte	0
 1266 00f6 00       		.byte	0
 1267 00f7 15       		.uleb128 0x15
 1268 00f8 2E       		.uleb128 0x2e
 1269 00f9 01       		.byte	0x1
 1270 00fa 3F       		.uleb128 0x3f
 1271 00fb 19       		.uleb128 0x19
 1272 00fc 03       		.uleb128 0x3
 1273 00fd 0E       		.uleb128 0xe
 1274 00fe 3A       		.uleb128 0x3a
 1275 00ff 0B       		.uleb128 0xb
 1276 0100 3B       		.uleb128 0x3b
 1277 0101 0B       		.uleb128 0xb
 1278 0102 27       		.uleb128 0x27
 1279 0103 19       		.uleb128 0x19
 1280 0104 49       		.uleb128 0x49
 1281 0105 13       		.uleb128 0x13
 1282 0106 11       		.uleb128 0x11
 1283 0107 01       		.uleb128 0x1
 1284 0108 12       		.uleb128 0x12
 1285 0109 06       		.uleb128 0x6
 1286 010a 40       		.uleb128 0x40
 1287 010b 18       		.uleb128 0x18
 1288 010c 9742     		.uleb128 0x2117
 1289 010e 19       		.uleb128 0x19
 1290 010f 01       		.uleb128 0x1
 1291 0110 13       		.uleb128 0x13
 1292 0111 00       		.byte	0
 1293 0112 00       		.byte	0
 1294 0113 16       		.uleb128 0x16
 1295 0114 34       		.uleb128 0x34
 1296 0115 00       		.byte	0
 1297 0116 03       		.uleb128 0x3
 1298 0117 0E       		.uleb128 0xe
 1299 0118 3A       		.uleb128 0x3a
 1300 0119 0B       		.uleb128 0xb
 1301 011a 3B       		.uleb128 0x3b
 1302 011b 0B       		.uleb128 0xb
 1303 011c 49       		.uleb128 0x49
 1304 011d 13       		.uleb128 0x13
 1305 011e 02       		.uleb128 0x2
 1306 011f 17       		.uleb128 0x17
ARM GAS  C:\Users\JANUSD~1\AppData\Local\Temp\ccQUK5vW.s 			page 28


 1307 0120 00       		.byte	0
 1308 0121 00       		.byte	0
 1309 0122 17       		.uleb128 0x17
 1310 0123 898201   		.uleb128 0x4109
 1311 0126 00       		.byte	0
 1312 0127 11       		.uleb128 0x11
 1313 0128 01       		.uleb128 0x1
 1314 0129 31       		.uleb128 0x31
 1315 012a 13       		.uleb128 0x13
 1316 012b 00       		.byte	0
 1317 012c 00       		.byte	0
 1318 012d 18       		.uleb128 0x18
 1319 012e 34       		.uleb128 0x34
 1320 012f 00       		.byte	0
 1321 0130 03       		.uleb128 0x3
 1322 0131 0E       		.uleb128 0xe
 1323 0132 3A       		.uleb128 0x3a
 1324 0133 0B       		.uleb128 0xb
 1325 0134 3B       		.uleb128 0x3b
 1326 0135 0B       		.uleb128 0xb
 1327 0136 49       		.uleb128 0x49
 1328 0137 13       		.uleb128 0x13
 1329 0138 02       		.uleb128 0x2
 1330 0139 18       		.uleb128 0x18
 1331 013a 00       		.byte	0
 1332 013b 00       		.byte	0
 1333 013c 19       		.uleb128 0x19
 1334 013d 34       		.uleb128 0x34
 1335 013e 00       		.byte	0
 1336 013f 03       		.uleb128 0x3
 1337 0140 0E       		.uleb128 0xe
 1338 0141 3A       		.uleb128 0x3a
 1339 0142 0B       		.uleb128 0xb
 1340 0143 3B       		.uleb128 0x3b
 1341 0144 05       		.uleb128 0x5
 1342 0145 49       		.uleb128 0x49
 1343 0146 13       		.uleb128 0x13
 1344 0147 3F       		.uleb128 0x3f
 1345 0148 19       		.uleb128 0x19
 1346 0149 3C       		.uleb128 0x3c
 1347 014a 19       		.uleb128 0x19
 1348 014b 00       		.byte	0
 1349 014c 00       		.byte	0
 1350 014d 1A       		.uleb128 0x1a
 1351 014e 26       		.uleb128 0x26
 1352 014f 00       		.byte	0
 1353 0150 49       		.uleb128 0x49
 1354 0151 13       		.uleb128 0x13
 1355 0152 00       		.byte	0
 1356 0153 00       		.byte	0
 1357 0154 1B       		.uleb128 0x1b
 1358 0155 2E       		.uleb128 0x2e
 1359 0156 00       		.byte	0
 1360 0157 3F       		.uleb128 0x3f
 1361 0158 19       		.uleb128 0x19
 1362 0159 3C       		.uleb128 0x3c
 1363 015a 19       		.uleb128 0x19
ARM GAS  C:\Users\JANUSD~1\AppData\Local\Temp\ccQUK5vW.s 			page 29


 1364 015b 6E       		.uleb128 0x6e
 1365 015c 0E       		.uleb128 0xe
 1366 015d 03       		.uleb128 0x3
 1367 015e 0E       		.uleb128 0xe
 1368 015f 3A       		.uleb128 0x3a
 1369 0160 0B       		.uleb128 0xb
 1370 0161 3B       		.uleb128 0x3b
 1371 0162 0B       		.uleb128 0xb
 1372 0163 00       		.byte	0
 1373 0164 00       		.byte	0
 1374 0165 00       		.byte	0
 1375              		.section	.debug_loc,"",%progbits
 1376              	.Ldebug_loc0:
 1377              	.LLST0:
 1378 0000 12000000 		.4byte	.LVL3
 1379 0004 1B000000 		.4byte	.LVL4-1
 1380 0008 0100     		.2byte	0x1
 1381 000a 50       		.byte	0x50
 1382 000b 76000000 		.4byte	.LVL19
 1383 000f 8F000000 		.4byte	.LVL20-1
 1384 0013 0100     		.2byte	0x1
 1385 0015 50       		.byte	0x50
 1386 0016 E4000000 		.4byte	.LVL29
 1387 001a F9000000 		.4byte	.LVL30-1
 1388 001e 0100     		.2byte	0x1
 1389 0020 50       		.byte	0x50
 1390 0021 00000000 		.4byte	0
 1391 0025 00000000 		.4byte	0
 1392              	.LLST1:
 1393 0029 A6000000 		.4byte	.LVL22
 1394 002d D2000000 		.4byte	.LVL25
 1395 0031 0100     		.2byte	0x1
 1396 0033 53       		.byte	0x53
 1397 0034 00000000 		.4byte	0
 1398 0038 00000000 		.4byte	0
 1399              	.LLST2:
 1400 003c AC000000 		.4byte	.LVL23
 1401 0040 DC000000 		.4byte	.LVL27
 1402 0044 0100     		.2byte	0x1
 1403 0046 52       		.byte	0x52
 1404 0047 00000000 		.4byte	0
 1405 004b 00000000 		.4byte	0
 1406              	.LLST3:
 1407 004f 02000000 		.4byte	.LVL1
 1408 0053 06000000 		.4byte	.LVL2
 1409 0057 0200     		.2byte	0x2
 1410 0059 30       		.byte	0x30
 1411 005a 9F       		.byte	0x9f
 1412 005b 06000000 		.4byte	.LVL2
 1413 005f 34000000 		.4byte	.LVL6
 1414 0063 0100     		.2byte	0x1
 1415 0065 56       		.byte	0x56
 1416 0066 34000000 		.4byte	.LVL6
 1417 006a 38000000 		.4byte	.LVL7
 1418 006e 0200     		.2byte	0x2
 1419 0070 31       		.byte	0x31
 1420 0071 9F       		.byte	0x9f
ARM GAS  C:\Users\JANUSD~1\AppData\Local\Temp\ccQUK5vW.s 			page 30


 1421 0072 38000000 		.4byte	.LVL7
 1422 0076 3E000000 		.4byte	.LVL8
 1423 007a 0100     		.2byte	0x1
 1424 007c 56       		.byte	0x56
 1425 007d 3E000000 		.4byte	.LVL8
 1426 0081 42000000 		.4byte	.LVL9
 1427 0085 0200     		.2byte	0x2
 1428 0087 31       		.byte	0x31
 1429 0088 9F       		.byte	0x9f
 1430 0089 42000000 		.4byte	.LVL9
 1431 008d 4C000000 		.4byte	.LVL11
 1432 0091 0100     		.2byte	0x1
 1433 0093 56       		.byte	0x56
 1434 0094 4C000000 		.4byte	.LVL11
 1435 0098 52000000 		.4byte	.LVL12
 1436 009c 0200     		.2byte	0x2
 1437 009e 31       		.byte	0x31
 1438 009f 9F       		.byte	0x9f
 1439 00a0 52000000 		.4byte	.LVL12
 1440 00a4 58000000 		.4byte	.LVL13
 1441 00a8 0100     		.2byte	0x1
 1442 00aa 56       		.byte	0x56
 1443 00ab 58000000 		.4byte	.LVL13
 1444 00af 5C000000 		.4byte	.LVL14
 1445 00b3 0200     		.2byte	0x2
 1446 00b5 31       		.byte	0x31
 1447 00b6 9F       		.byte	0x9f
 1448 00b7 5C000000 		.4byte	.LVL14
 1449 00bb 62000000 		.4byte	.LVL15
 1450 00bf 0100     		.2byte	0x1
 1451 00c1 56       		.byte	0x56
 1452 00c2 62000000 		.4byte	.LVL15
 1453 00c6 66000000 		.4byte	.LVL16
 1454 00ca 0200     		.2byte	0x2
 1455 00cc 31       		.byte	0x31
 1456 00cd 9F       		.byte	0x9f
 1457 00ce 66000000 		.4byte	.LVL16
 1458 00d2 6C000000 		.4byte	.LVL17
 1459 00d6 0100     		.2byte	0x1
 1460 00d8 56       		.byte	0x56
 1461 00d9 6C000000 		.4byte	.LVL17
 1462 00dd 6E000000 		.4byte	.LVL18
 1463 00e1 0200     		.2byte	0x2
 1464 00e3 30       		.byte	0x30
 1465 00e4 9F       		.byte	0x9f
 1466 00e5 6E000000 		.4byte	.LVL18
 1467 00e9 90000000 		.4byte	.LVL20
 1468 00ed 0100     		.2byte	0x1
 1469 00ef 56       		.byte	0x56
 1470 00f0 90000000 		.4byte	.LVL20
 1471 00f4 92000000 		.4byte	.LVL21
 1472 00f8 0200     		.2byte	0x2
 1473 00fa 30       		.byte	0x30
 1474 00fb 9F       		.byte	0x9f
 1475 00fc 92000000 		.4byte	.LVL21
 1476 0100 FC000000 		.4byte	.LVL32
 1477 0104 0100     		.2byte	0x1
ARM GAS  C:\Users\JANUSD~1\AppData\Local\Temp\ccQUK5vW.s 			page 31


 1478 0106 56       		.byte	0x56
 1479 0107 00000000 		.4byte	0
 1480 010b 00000000 		.4byte	0
 1481              	.LLST4:
 1482 010f 22000000 		.4byte	.LVL5
 1483 0113 C6000000 		.4byte	.LVL24
 1484 0117 0100     		.2byte	0x1
 1485 0119 54       		.byte	0x54
 1486 011a 00000000 		.4byte	0
 1487 011e 00000000 		.4byte	0
 1488              	.LLST5:
 1489 0122 02000000 		.4byte	.LVL1
 1490 0126 06000000 		.4byte	.LVL2
 1491 012a 0200     		.2byte	0x2
 1492 012c 30       		.byte	0x30
 1493 012d 9F       		.byte	0x9f
 1494 012e 06000000 		.4byte	.LVL2
 1495 0132 46000000 		.4byte	.LVL10
 1496 0136 0100     		.2byte	0x1
 1497 0138 55       		.byte	0x55
 1498 0139 46000000 		.4byte	.LVL10
 1499 013d 52000000 		.4byte	.LVL12
 1500 0141 0200     		.2byte	0x2
 1501 0143 31       		.byte	0x31
 1502 0144 9F       		.byte	0x9f
 1503 0145 52000000 		.4byte	.LVL12
 1504 0149 FC000000 		.4byte	.LVL31
 1505 014d 0100     		.2byte	0x1
 1506 014f 55       		.byte	0x55
 1507 0150 FC000000 		.4byte	.LVL31
 1508 0154 14010000 		.4byte	.LFE3
 1509 0158 0100     		.2byte	0x1
 1510 015a 50       		.byte	0x50
 1511 015b 00000000 		.4byte	0
 1512 015f 00000000 		.4byte	0
 1513              	.LLST6:
 1514 0163 D8000000 		.4byte	.LVL26
 1515 0167 FA000000 		.4byte	.LVL30
 1516 016b 0100     		.2byte	0x1
 1517 016d 54       		.byte	0x54
 1518 016e 00000000 		.4byte	0
 1519 0172 00000000 		.4byte	0
 1520              		.section	.debug_aranges,"",%progbits
 1521 0000 24000000 		.4byte	0x24
 1522 0004 0200     		.2byte	0x2
 1523 0006 00000000 		.4byte	.Ldebug_info0
 1524 000a 04       		.byte	0x4
 1525 000b 00       		.byte	0
 1526 000c 0000     		.2byte	0
 1527 000e 0000     		.2byte	0
 1528 0010 00000000 		.4byte	.LFB2
 1529 0014 14000000 		.4byte	.LFE2-.LFB2
 1530 0018 00000000 		.4byte	.LFB3
 1531 001c 14010000 		.4byte	.LFE3-.LFB3
 1532 0020 00000000 		.4byte	0
 1533 0024 00000000 		.4byte	0
 1534              		.section	.debug_ranges,"",%progbits
ARM GAS  C:\Users\JANUSD~1\AppData\Local\Temp\ccQUK5vW.s 			page 32


 1535              	.Ldebug_ranges0:
 1536 0000 00000000 		.4byte	.LFB2
 1537 0004 14000000 		.4byte	.LFE2
 1538 0008 00000000 		.4byte	.LFB3
 1539 000c 14010000 		.4byte	.LFE3
 1540 0010 00000000 		.4byte	0
 1541 0014 00000000 		.4byte	0
 1542              		.section	.debug_line,"",%progbits
 1543              	.Ldebug_line0:
 1544 0000 18010000 		.section	.debug_str,"MS",%progbits,1
 1544      0200B400 
 1544      00000201 
 1544      FB0E0D00 
 1544      01010101 
 1545              	.LASF10:
 1546 0000 75696E74 		.ascii	"uint16\000"
 1546      313600
 1547              	.LASF68:
 1548 0007 70747232 		.ascii	"ptr2PosHistory\000"
 1548      506F7348 
 1548      6973746F 
 1548      727900
 1549              	.LASF93:
 1550 0016 43794578 		.ascii	"CyExitCriticalSection\000"
 1550      69744372 
 1550      69746963 
 1550      616C5365 
 1550      6374696F 
 1551              	.LASF70:
 1552 002c 43617053 		.ascii	"CapSense_FLASH_WD_STRUCT\000"
 1552      656E7365 
 1552      5F464C41 
 1552      53485F57 
 1552      445F5354 
 1553              	.LASF69:
 1554 0045 69697246 		.ascii	"iirFilterCoeff\000"
 1554      696C7465 
 1554      72436F65 
 1554      666600
 1555              	.LASF95:
 1556 0054 474E5520 		.ascii	"GNU C11 5.4.1 20160609 (release) [ARM/embedded-5-br"
 1556      43313120 
 1556      352E342E 
 1556      31203230 
 1556      31363036 
 1557 0087 616E6368 		.ascii	"anch revision 237715] -mcpu=cortex-m0 -mthumb -g -O"
 1557      20726576 
 1557      6973696F 
 1557      6E203233 
 1557      37373135 
 1558 00ba 67202D66 		.ascii	"g -ffunction-sections -ffat-lto-objects\000"
 1558      66756E63 
 1558      74696F6E 
 1558      2D736563 
 1558      74696F6E 
 1559              	.LASF37:
 1560 00e2 43617053 		.ascii	"CapSense_RAM_SNS_STRUCT\000"
ARM GAS  C:\Users\JANUSD~1\AppData\Local\Temp\ccQUK5vW.s 			page 33


 1560      656E7365 
 1560      5F52414D 
 1560      5F534E53 
 1560      5F535452 
 1561              	.LASF7:
 1562 00fa 6C6F6E67 		.ascii	"long long unsigned int\000"
 1562      206C6F6E 
 1562      6720756E 
 1562      7369676E 
 1562      65642069 
 1563              	.LASF99:
 1564 0111 43617053 		.ascii	"CapSense_RunTuner\000"
 1564      656E7365 
 1564      5F52756E 
 1564      54756E65 
 1564      7200
 1565              	.LASF57:
 1566 0123 70747232 		.ascii	"ptr2SnsFlash\000"
 1566      536E7346 
 1566      6C617368 
 1566      00
 1567              	.LASF35:
 1568 0130 64696666 		.ascii	"diff\000"
 1568      00
 1569              	.LASF18:
 1570 0135 43617053 		.ascii	"CapSense_LOW_BSLN_RST_TYPE\000"
 1570      656E7365 
 1570      5F4C4F57 
 1570      5F42534C 
 1570      4E5F5253 
 1571              	.LASF53:
 1572 0150 736E7254 		.ascii	"snrTestSensorId\000"
 1572      65737453 
 1572      656E736F 
 1572      72496400 
 1573              	.LASF91:
 1574 0160 43617053 		.ascii	"CapSense_dsFlash\000"
 1574      656E7365 
 1574      5F647346 
 1574      6C617368 
 1574      00
 1575              	.LASF17:
 1576 0171 43617053 		.ascii	"CapSense_THRESHOLD_TYPE\000"
 1576      656E7365 
 1576      5F544852 
 1576      4553484F 
 1576      4C445F54 
 1577              	.LASF6:
 1578 0189 6C6F6E67 		.ascii	"long long int\000"
 1578      206C6F6E 
 1578      6720696E 
 1578      7400
 1579              	.LASF0:
 1580 0197 7369676E 		.ascii	"signed char\000"
 1580      65642063 
 1580      68617200 
 1581              	.LASF81:
ARM GAS  C:\Users\JANUSD~1\AppData\Local\Temp\ccQUK5vW.s 			page 34


 1582 01a3 696E7465 		.ascii	"interruptState\000"
 1582      72727570 
 1582      74537461 
 1582      746500
 1583              	.LASF74:
 1584 01b2 43617053 		.ascii	"CapSense_TU_CMD_SUSPEND_E\000"
 1584      656E7365 
 1584      5F54555F 
 1584      434D445F 
 1584      53555350 
 1585              	.LASF47:
 1586 01cc 736E7353 		.ascii	"snsStatus\000"
 1586      74617475 
 1586      7300
 1587              	.LASF4:
 1588 01d6 6C6F6E67 		.ascii	"long int\000"
 1588      20696E74 
 1588      00
 1589              	.LASF49:
 1590 01df 6D6F6443 		.ascii	"modCsdClk\000"
 1590      7364436C 
 1590      6B00
 1591              	.LASF59:
 1592 01e9 70747232 		.ascii	"ptr2SnsRam\000"
 1592      536E7352 
 1592      616D00
 1593              	.LASF9:
 1594 01f4 75696E74 		.ascii	"uint8\000"
 1594      3800
 1595              	.LASF66:
 1596 01fa 78526573 		.ascii	"xResolution\000"
 1596      6F6C7574 
 1596      696F6E00 
 1597              	.LASF13:
 1598 0206 646F7562 		.ascii	"double\000"
 1598      6C6500
 1599              	.LASF55:
 1600 020d 736E7254 		.ascii	"snrTestRawCount\000"
 1600      65737452 
 1600      6177436F 
 1600      756E7400 
 1601              	.LASF83:
 1602 021d 73656E73 		.ascii	"sensorId\000"
 1602      6F724964 
 1602      00
 1603              	.LASF97:
 1604 0226 433A5C55 		.ascii	"C:\\Users\\janusdg-win\\UCU\\POC\\LABALAST\\LABs_BL"
 1604      73657273 
 1604      5C6A616E 
 1604      75736467 
 1604      2D77696E 
 1605 0253 455C4C61 		.ascii	"E\\Lab_4_1_BLE_Automation_IO.cydsn\000"
 1605      625F345F 
 1605      315F424C 
 1605      455F4175 
 1605      746F6D61 
 1606              	.LASF11:
ARM GAS  C:\Users\JANUSD~1\AppData\Local\Temp\ccQUK5vW.s 			page 35


 1607 0275 75696E74 		.ascii	"uint32\000"
 1607      333200
 1608              	.LASF23:
 1609 027c 68797374 		.ascii	"hysteresis\000"
 1609      65726573 
 1609      697300
 1610              	.LASF34:
 1611 0287 62736C6E 		.ascii	"bslnExt\000"
 1611      45787400 
 1612              	.LASF84:
 1613 028f 75706461 		.ascii	"updateFlag\000"
 1613      7465466C 
 1613      616700
 1614              	.LASF46:
 1615 029a 77646774 		.ascii	"wdgtStatus\000"
 1615      53746174 
 1615      757300
 1616              	.LASF33:
 1617 02a5 62736C6E 		.ascii	"bsln\000"
 1617      00
 1618              	.LASF8:
 1619 02aa 756E7369 		.ascii	"unsigned int\000"
 1619      676E6564 
 1619      20696E74 
 1619      00
 1620              	.LASF29:
 1621 02b7 706F7369 		.ascii	"position\000"
 1621      74696F6E 
 1621      00
 1622              	.LASF52:
 1623 02c0 736E7254 		.ascii	"snrTestWidgetId\000"
 1623      65737457 
 1623      69646765 
 1623      74496400 
 1624              	.LASF85:
 1625 02d0 636F6D6D 		.ascii	"command\000"
 1625      616E6400 
 1626              	.LASF5:
 1627 02d8 6C6F6E67 		.ascii	"long unsigned int\000"
 1627      20756E73 
 1627      69676E65 
 1627      6420696E 
 1627      7400
 1628              	.LASF45:
 1629 02ea 77646774 		.ascii	"wdgtEnable\000"
 1629      456E6162 
 1629      6C6500
 1630              	.LASF92:
 1631 02f5 4379456E 		.ascii	"CyEnterCriticalSection\000"
 1631      74657243 
 1631      72697469 
 1631      63616C53 
 1631      65637469 
 1632              	.LASF25:
 1633 030c 6C6F7742 		.ascii	"lowBslnRst\000"
 1633      736C6E52 
 1633      737400
ARM GAS  C:\Users\JANUSD~1\AppData\Local\Temp\ccQUK5vW.s 			page 36


 1634              	.LASF88:
 1635 0317 70747253 		.ascii	"ptrSnsTmp\000"
 1635      6E73546D 
 1635      7000
 1636              	.LASF3:
 1637 0321 73686F72 		.ascii	"short unsigned int\000"
 1637      7420756E 
 1637      7369676E 
 1637      65642069 
 1637      6E7400
 1638              	.LASF51:
 1639 0334 736E734C 		.ascii	"snsList\000"
 1639      69737400 
 1640              	.LASF39:
 1641 033c 636F6E66 		.ascii	"configId\000"
 1641      69674964 
 1641      00
 1642              	.LASF96:
 1643 0345 47656E65 		.ascii	"Generated_Source\\PSoC4\\CapSense_Tuner.c\000"
 1643      72617465 
 1643      645F536F 
 1643      75726365 
 1643      5C50536F 
 1644              	.LASF58:
 1645 036d 70747232 		.ascii	"ptr2WdgtRam\000"
 1645      57646774 
 1645      52616D00 
 1646              	.LASF40:
 1647 0379 64657669 		.ascii	"deviceId\000"
 1647      63654964 
 1647      00
 1648              	.LASF82:
 1649 0382 77696467 		.ascii	"widgetId\000"
 1649      65744964 
 1649      00
 1650              	.LASF26:
 1651 038b 69646163 		.ascii	"idacMod\000"
 1651      4D6F6400 
 1652              	.LASF30:
 1653 0393 43617053 		.ascii	"CapSense_RAM_WD_SLIDER_STRUCT\000"
 1653      656E7365 
 1653      5F52414D 
 1653      5F57445F 
 1653      534C4944 
 1654              	.LASF65:
 1655 03b1 6E756D43 		.ascii	"numCols\000"
 1655      6F6C7300 
 1656              	.LASF16:
 1657 03b9 73697A65 		.ascii	"sizetype\000"
 1657      74797065 
 1657      00
 1658              	.LASF15:
 1659 03c2 6C6F6E67 		.ascii	"long double\000"
 1659      20646F75 
 1659      626C6500 
 1660              	.LASF62:
 1661 03ce 73746174 		.ascii	"staticConfig\000"
ARM GAS  C:\Users\JANUSD~1\AppData\Local\Temp\ccQUK5vW.s 			page 37


 1661      6963436F 
 1661      6E666967 
 1661      00
 1662              	.LASF22:
 1663 03db 6E4E6F69 		.ascii	"nNoiseTh\000"
 1663      73655468 
 1663      00
 1664              	.LASF48:
 1665 03e4 63736430 		.ascii	"csd0Config\000"
 1665      436F6E66 
 1665      696700
 1666              	.LASF98:
 1667 03ef 43617053 		.ascii	"CapSense_TuInitialize\000"
 1667      656E7365 
 1667      5F547549 
 1667      6E697469 
 1667      616C697A 
 1668              	.LASF41:
 1669 0405 6877436C 		.ascii	"hwClock\000"
 1669      6F636B00 
 1670              	.LASF64:
 1671 040d 77646774 		.ascii	"wdgtType\000"
 1671      54797065 
 1671      00
 1672              	.LASF67:
 1673 0416 7843656E 		.ascii	"xCentroidMultiplier\000"
 1673      74726F69 
 1673      644D756C 
 1673      7469706C 
 1673      69657200 
 1674              	.LASF43:
 1675 042a 7363616E 		.ascii	"scanCounter\000"
 1675      436F756E 
 1675      74657200 
 1676              	.LASF90:
 1677 0436 43617053 		.ascii	"CapSense_dsRam\000"
 1677      656E7365 
 1677      5F647352 
 1677      616D00
 1678              	.LASF42:
 1679 0445 74756E65 		.ascii	"tunerCmd\000"
 1679      72436D64 
 1679      00
 1680              	.LASF12:
 1681 044e 666C6F61 		.ascii	"float\000"
 1681      7400
 1682              	.LASF38:
 1683 0454 43617053 		.ascii	"CapSense_RAM_SNS_LIST_STRUCT\000"
 1683      656E7365 
 1683      5F52414D 
 1683      5F534E53 
 1683      5F4C4953 
 1684              	.LASF56:
 1685 0471 43617053 		.ascii	"CapSense_RAM_STRUCT\000"
 1685      656E7365 
 1685      5F52414D 
 1685      5F535452 
ARM GAS  C:\Users\JANUSD~1\AppData\Local\Temp\ccQUK5vW.s 			page 38


 1685      55435400 
 1686              	.LASF1:
 1687 0485 756E7369 		.ascii	"unsigned char\000"
 1687      676E6564 
 1687      20636861 
 1687      7200
 1688              	.LASF78:
 1689 0493 43617053 		.ascii	"CapSense_TU_CMD_PING_E\000"
 1689      656E7365 
 1689      5F54555F 
 1689      434D445F 
 1689      50494E47 
 1690              	.LASF2:
 1691 04aa 73686F72 		.ascii	"short int\000"
 1691      7420696E 
 1691      7400
 1692              	.LASF79:
 1693 04b4 43617053 		.ascii	"CapSense_TU_CMD_ONE_SCAN_E\000"
 1693      656E7365 
 1693      5F54555F 
 1693      434D445F 
 1693      4F4E455F 
 1694              	.LASF60:
 1695 04cf 70747232 		.ascii	"ptr2FltrHistory\000"
 1695      466C7472 
 1695      48697374 
 1695      6F727900 
 1696              	.LASF86:
 1697 04df 74756E65 		.ascii	"tunerStatus\000"
 1697      72537461 
 1697      74757300 
 1698              	.LASF19:
 1699 04eb 7265736F 		.ascii	"resolution\000"
 1699      6C757469 
 1699      6F6E00
 1700              	.LASF50:
 1701 04f6 77646774 		.ascii	"wdgtList\000"
 1701      4C697374 
 1701      00
 1702              	.LASF77:
 1703 04ff 43617053 		.ascii	"CapSense_TU_CMD_RUN_SNR_TEST_E\000"
 1703      656E7365 
 1703      5F54555F 
 1703      434D445F 
 1703      52554E5F 
 1704              	.LASF73:
 1705 051e 43617053 		.ascii	"CapSense_TU_CMD_NONE_E\000"
 1705      656E7365 
 1705      5F54555F 
 1705      434D445F 
 1705      4E4F4E45 
 1706              	.LASF14:
 1707 0535 63686172 		.ascii	"char\000"
 1707      00
 1708              	.LASF27:
 1709 053a 736E7343 		.ascii	"snsClk\000"
 1709      6C6B00
ARM GAS  C:\Users\JANUSD~1\AppData\Local\Temp\ccQUK5vW.s 			page 39


 1710              	.LASF24:
 1711 0541 6F6E4465 		.ascii	"onDebounce\000"
 1711      626F756E 
 1711      636500
 1712              	.LASF94:
 1713 054c 43617053 		.ascii	"CapSense_Start\000"
 1713      656E7365 
 1713      5F537461 
 1713      727400
 1714              	.LASF36:
 1715 055b 6E656742 		.ascii	"negBslnRstCnt\000"
 1715      736C6E52 
 1715      7374436E 
 1715      7400
 1716              	.LASF63:
 1717 0569 746F7461 		.ascii	"totalNumSns\000"
 1717      6C4E756D 
 1717      536E7300 
 1718              	.LASF61:
 1719 0575 70747232 		.ascii	"ptr2DebounceArr\000"
 1719      4465626F 
 1719      756E6365 
 1719      41727200 
 1720              	.LASF72:
 1721 0585 43617053 		.ascii	"CapSense_FLASH_STRUCT\000"
 1721      656E7365 
 1721      5F464C41 
 1721      53485F53 
 1721      54525543 
 1722              	.LASF89:
 1723 059b 74756E65 		.ascii	"tunerFsm\000"
 1723      7246736D 
 1723      00
 1724              	.LASF44:
 1725 05a4 73746174 		.ascii	"status\000"
 1725      757300
 1726              	.LASF71:
 1727 05ab 77646774 		.ascii	"wdgtArray\000"
 1727      41727261 
 1727      7900
 1728              	.LASF76:
 1729 05b5 43617053 		.ascii	"CapSense_TU_CMD_RESTART_E\000"
 1729      656E7365 
 1729      5F54555F 
 1729      434D445F 
 1729      52455354 
 1730              	.LASF75:
 1731 05cf 43617053 		.ascii	"CapSense_TU_CMD_RESUME_E\000"
 1731      656E7365 
 1731      5F54555F 
 1731      434D445F 
 1731      52455355 
 1732              	.LASF28:
 1733 05e8 736E7343 		.ascii	"snsClkSource\000"
 1733      6C6B536F 
 1733      75726365 
 1733      00
ARM GAS  C:\Users\JANUSD~1\AppData\Local\Temp\ccQUK5vW.s 			page 40


 1734              	.LASF31:
 1735 05f5 6C696E65 		.ascii	"linearslider0\000"
 1735      6172736C 
 1735      69646572 
 1735      3000
 1736              	.LASF87:
 1737 0603 70747244 		.ascii	"ptrDsRam\000"
 1737      7352616D 
 1737      00
 1738              	.LASF80:
 1739 060c 43617053 		.ascii	"CapSense_TU_CMD_ENUM\000"
 1739      656E7365 
 1739      5F54555F 
 1739      434D445F 
 1739      454E554D 
 1740              	.LASF20:
 1741 0621 66696E67 		.ascii	"fingerTh\000"
 1741      65725468 
 1741      00
 1742              	.LASF32:
 1743 062a 43617053 		.ascii	"CapSense_RAM_WD_LIST_STRUCT\000"
 1743      656E7365 
 1743      5F52414D 
 1743      5F57445F 
 1743      4C495354 
 1744              	.LASF54:
 1745 0646 736E7254 		.ascii	"snrTestScanCounter\000"
 1745      65737453 
 1745      63616E43 
 1745      6F756E74 
 1745      657200
 1746              	.LASF21:
 1747 0659 6E6F6973 		.ascii	"noiseTh\000"
 1747      65546800 
 1748              		.ident	"GCC: (GNU Tools for ARM Embedded Processors) 5.4.1 20160609 (release) [ARM/embedded-5-bran
